/private/test/.venv/lib/python3.9/site-packages/urllib3/__init__.py:35: NotOpenSSLWarning: urllib3 v2 only supports OpenSSL 1.1.1+, currently the 'ssl' module is compiled with 'LibreSSL 2.8.3'. See: https://github.com/urllib3/urllib3/issues/3020
  warnings.warn(
# Diagnosis Logic Test Log for gemma3:270m

**Date:** 2025-12-20T07:34:30.488047
**Test Type:** json

### Querying Model: `gemma3:270m`
#### Raw LLM Response (first 100 chars):
```
```python
def diagnose(symptoms: list) -> str:
  """
  Diagnoses a list of symptoms based on the rul...
```
### Parsing LLM Response for diagnose() function
**INFO:** Successfully extracted 'diagnose()' function.
Content for final `diagnosis_logic.py` saved.
### Running Pytest Validation
**Pytest Result: FAILED**
```
============================= test session starts ==============================
platform darwin -- Python 3.9.6, pytest-8.4.2, pluggy-1.6.0
rootdir: /private/test/benchmarking_llm_against_prompt_formats/02_RawData/symbolic_run_20251219_163114/diagnosis_json_gemma3_270m/run_008
collected 6 items

test_diagnosis_logic.py .FF..F                                           [100%]

=================================== FAILURES ===================================
__________________________________ test_cold ___________________________________

    def test_cold():
>       assert diagnose(["Fever", "Cough"]) == "Suspected Cold"
E       AssertionError: assert 'Consult a Specialist' == 'Suspected Cold'
E         
E         - Suspected Cold
E         + Consult a Specialist

test_diagnosis_logic.py:8: AssertionError
________________________________ test_hay_fever ________________________________

    def test_hay_fever():
>       assert diagnose(["Sneezing", "Runny Nose", "Itchy Eyes"]) == "Suspected Hay Fever"
E       AssertionError: assert 'Consult a Specialist' == 'Suspected Hay Fever'
E         
E         - Suspected Hay Fever
E         + Consult a Specialist

test_diagnosis_logic.py:11: AssertionError
______________________________ test_partial_match ______________________________

    def test_partial_match():
        # Only two of the three flu symptoms
>       assert diagnose(["High Fever", "Joint Pain"]) != "Suspected Influenza"
E       AssertionError: assert 'Suspected Influenza' != 'Suspected Influenza'
E        +  where 'Suspected Influenza' = diagnose(['High Fever', 'Joint Pain'])

test_diagnosis_logic.py:21: AssertionError
=========================== short test summary info ============================
FAILED test_diagnosis_logic.py::test_cold - AssertionError: assert 'Consult a...
FAILED test_diagnosis_logic.py::test_hay_fever - AssertionError: assert 'Cons...
FAILED test_diagnosis_logic.py::test_partial_match - AssertionError: assert '...
========================= 3 failed, 3 passed in 0.03s ==========================
```
**Overall Result for `gemma3:270m`: ‚ùå FAILURE**
