/private/test/.venv/lib/python3.9/site-packages/urllib3/__init__.py:35: NotOpenSSLWarning: urllib3 v2 only supports OpenSSL 1.1.1+, currently the 'ssl' module is compiled with 'LibreSSL 2.8.3'. See: https://github.com/urllib3/urllib3/issues/3020
  warnings.warn(
# Simple Task Log for phi3:mini

**Task:** copy_list
**Date:** 2025-12-21T01:40:24.942754
**Lang:** ja
**Style:** imperative

### Querying Model: `phi3:mini`
#### Raw LLM Response (first 100 chars):
```
```python
def copy_list(input_list):
    return [item for item in input_list]

# Example usage:
orig...
```
### Parsing LLM Response for Python function
Content for final `generated_code.py` saved.
### Running Pytest Validation for copy_list
**Pytest Result: FAILED**
```
============================= test session starts ==============================
platform darwin -- Python 3.9.6, pytest-8.4.2, pluggy-1.6.0
rootdir: /private/test/benchmarking_llm_against_prompt_formats/02_RawData/symbolic_run_20251219_163114/simple_task_copy_list_ja_imperative_phi3_mini/run_016
collected 0 items / 1 error

==================================== ERRORS ====================================
___________________ ERROR collecting test_generated_code.py ____________________
/private/test/.venv/lib/python3.9/site-packages/_pytest/python.py:498: in importtestmodule
    mod = import_path(
/private/test/.venv/lib/python3.9/site-packages/_pytest/pathlib.py:587: in import_path
    importlib.import_module(module_name)
/Applications/Xcode.app/Contents/Developer/Library/Frameworks/Python3.framework/Versions/3.9/lib/python3.9/importlib/__init__.py:127: in import_module
    return _bootstrap._gcd_import(name[level:], package, level)
<frozen importlib._bootstrap>:1030: in _gcd_import
    ???
<frozen importlib._bootstrap>:1007: in _find_and_load
    ???
<frozen importlib._bootstrap>:986: in _find_and_load_unlocked
    ???
<frozen importlib._bootstrap>:680: in _load_unlocked
    ???
/private/test/.venv/lib/python3.9/site-packages/_pytest/assertion/rewrite.py:186: in exec_module
    exec(co, module.__dict__)
test_generated_code.py:1: in <module>
    from generated_code import copy_list
E     File "/private/test/benchmarking_llm_against_prompt_formats/02_RawData/symbolic_run_20251219_163114/simple_task_copy_list_ja_imperative_phi3_mini/run_016/generated_code.py", line 8
E       print(f"Copied List: {copied_list} 
E                                          ^
E   SyntaxError: EOL while scanning string literal
=========================== short test summary info ============================
ERROR test_generated_code.py
!!!!!!!!!!!!!!!!!!!! Interrupted: 1 error during collection !!!!!!!!!!!!!!!!!!!!
=============================== 1 error in 0.10s ===============================
```

**Overall Result: FAILURE**
