/private/test/.venv/lib/python3.9/site-packages/urllib3/__init__.py:35: NotOpenSSLWarning: urllib3 v2 only supports OpenSSL 1.1.1+, currently the 'ssl' module is compiled with 'LibreSSL 2.8.3'. See: https://github.com/urllib3/urllib3/issues/3020
  warnings.warn(
# Simple Task Log for phi3:mini

**Task:** return_one
**Date:** 2025-12-21T07:58:21.856708
**Lang:** jbo
**Style:** imperative

### Querying Model: `phi3:mini`
#### Raw LLM Response (first 100 chars):
```
```python
def return_one():
    print("1")

return_one()
```
When you run this Python code, it will ...
```
### Parsing LLM Response for Python function
Content for final `generated_code.py` saved.
### Running Pytest Validation for return_one
**Pytest Result: FAILED**
```
============================= test session starts ==============================
platform darwin -- Python 3.9.6, pytest-8.4.2, pluggy-1.6.0
rootdir: /private/test/benchmarking_llm_against_prompt_formats/02_RawData/symbolic_run_20251219_163114/simple_task_return_one_jbo_imperative_phi3_mini/run_019
collected 1 item

test_generated_code.py F                                                 [100%]

=================================== FAILURES ===================================
_______________________________ test_return_one ________________________________

    def test_return_one():
>       assert return_one() == 1
E       assert None == 1
E        +  where None = return_one()

test_generated_code.py:3: AssertionError
----------------------------- Captured stdout call -----------------------------
1
=========================== short test summary info ============================
FAILED test_generated_code.py::test_return_one - assert None == 1
============================== 1 failed in 0.01s ===============================
```
**Overall Result for `phi3:mini` on task `return_one`: âŒ FAILURE**
