/private/test/.venv/lib/python3.9/site-packages/urllib3/__init__.py:35: NotOpenSSLWarning: urllib3 v2 only supports OpenSSL 1.1.1+, currently the 'ssl' module is compiled with 'LibreSSL 2.8.3'. See: https://github.com/urllib3/urllib3/issues/3020
  warnings.warn(
# Einstein Riddle Logic Test Log for stablelm2:1.6b

**Date:** 2025-12-20T01:46:23.686131
**Test Type:** token_test

### Querying Model: `stablelm2:1.6b` (temperature=0.0)
#### Raw LLM Response (first 100 chars):
```
To solve this puzzle using a backtracking algorithm, we need to define the function `solve_puzzle()`...
```
### Parsing LLM Response for Python code block
**INFO:** Successfully extracted Python code block containing 'solve_puzzle()'.
Content for final `einstein_solution.py` saved.
### Running Pytest Validation
**Pytest Result: FAILED**
```
============================= test session starts ==============================
platform darwin -- Python 3.9.6, pytest-8.4.2, pluggy-1.6.0
rootdir: /private/test/benchmarking_llm_against_prompt_formats/02_RawData/symbolic_run_20251219_163114/einstein_token_test_stablelm2_1.6b/run_005
collected 1 item

test_einstein_riddle.py F                                                [100%]

=================================== FAILURES ===================================
________________________ test_einstein_riddle_solution _________________________

    def test_einstein_riddle_solution():
        """
        Tests the output of the LLM-generated solve_puzzle function.
        It imports the function directly and captures its standard output.
        """
        solution_file = "einstein_solution.py"
        expected_answer = "German"
    
        try:
            # Dynamically import the generated function
>           from einstein_solution import solve_puzzle
E             File "/private/test/benchmarking_llm_against_prompt_formats/02_RawData/symbolic_run_20251219_163114/einstein_token_test_stablelm2_1.6b/run_005/einstein_solution.py", line 35
E               not any(drink for drink_pet in drink_pets.values()) for nationalities, drink_pet in zip(house_nationalities, drink_pets.values())):
E                                                                   ^
E           SyntaxError: invalid syntax

test_einstein_riddle.py:21: SyntaxError
=========================== short test summary info ============================
FAILED test_einstein_riddle.py::test_einstein_riddle_solution -   File "/priv...
============================== 1 failed in 0.02s ===============================
```
**Overall Result for `stablelm2:1.6b`: ‚ùå FAILURE**
