/private/test/.venv/lib/python3.9/site-packages/urllib3/__init__.py:35: NotOpenSSLWarning: urllib3 v2 only supports OpenSSL 1.1.1+, currently the 'ssl' module is compiled with 'LibreSSL 2.8.3'. See: https://github.com/urllib3/urllib3/issues/3020
  warnings.warn(
# Final Symbolic S-expression Benchmark Log for gemma3:270m

**Date:** 2025-12-19T18:41:43.737657

--- 
### ATTEMPT 1/3
### Querying Model: `gemma3:270m`
#### Raw LLM Response:
```
```python
# main.py
def generate_fibonacci(n):
    """Generates the first n Fibonacci numbers."""
    a = 0
    b = 1
    for i in range(n):
        a, b = b, a + b
    return a

def test_generate_fibonacci(n):
    """Generates the first n Fibonacci numbers."""
    a = 0
    b = 1
    for i in range(n):
        a, b = b, a + b
    return a

# test_main.py
def generate_fibonacci(n):
    """Generates the first n Fibonacci numbers."""
    a = 0
    b = 1
    for i in range(n):
        a, b = b, a + b
    return a

def test_generate_fibonacci(n):
    """Generates the first n Fibonacci numbers."""
    a = 0
    b = 1
    for i in range(n):
        a, b = b, a + b
    return a

# imports
import math

# main.py
try:
    result = generate_fibonacci(5)
    print(result)
except Exception as e:
    print(f"Error: {e}")
```
```
### Parsing LLM Response
Content for `main.py` saved.
Content for `test_main.py` saved.
### Running Pytest Validation
**Pytest Result: FAILED**
```
============================= test session starts ==============================
platform darwin -- Python 3.9.6, pytest-8.4.2, pluggy-1.6.0
rootdir: /private/test/benchmarking_llm_against_prompt_formats/02_RawData/symbolic_run_20251219_163114/roundtrip_gemma3_270m/run_002
collected 1 item

test_main.py E                                                           [100%]

==================================== ERRORS ====================================
__________________ ERROR at setup of test_generate_fibonacci ___________________
file /private/test/benchmarking_llm_against_prompt_formats/02_RawData/symbolic_run_20251219_163114/roundtrip_gemma3_270m/run_002/test_main.py, line 9
  def test_generate_fibonacci(n):
E       fixture 'n' not found
>       available fixtures: cache, capfd, capfdbinary, caplog, capsys, capsysbinary, capteesys, doctest_namespace, monkeypatch, pytestconfig, record_property, record_testsuite_property, record_xml_attribute, recwarn, tmp_path, tmp_path_factory, tmpdir, tmpdir_factory
>       use 'pytest --fixtures [testpath]' for help on them.

/private/test/benchmarking_llm_against_prompt_formats/02_RawData/symbolic_run_20251219_163114/roundtrip_gemma3_270m/run_002/test_main.py:9
=========================== short test summary info ============================
ERROR test_main.py::test_generate_fibonacci
=============================== 1 error in 0.01s ===============================
```
**Attempting to fix pytest error...**
--- 
### ATTEMPT 2/3
### Querying Model: `gemma3:270m`
#### Raw LLM Response:
```
```python
# main.py
def generate_fibonacci(n):
  """Generates the first n Fibonacci numbers."""
  a = 0
  b = 1
  for i in range(n):
    if i % 2 == 0:
      a, b = b, a + b
    else:
      a, b = b, a + b
  return a

def test_generate_fibonacci(n):
  """Generates the first n Fibonacci numbers."""
  a = 0
  b = 1
  for i in range(n):
    if i % 2 == 0:
      a, b = b, a + b
    else:
      a, b = b, a + b
  return a

# test_main.py
try:
  result = generate_fibonacci(5)
  print(result)
except Exception as e:
  print(f"Error: {e}")
```
```
### Parsing LLM Response
Content for `main.py` saved.
Content for `test_main.py` saved.
### Running Pytest Validation
**Pytest Result: FAILED**
```
============================= test session starts ==============================
platform darwin -- Python 3.9.6, pytest-8.4.2, pluggy-1.6.0
rootdir: /private/test/benchmarking_llm_against_prompt_formats/02_RawData/symbolic_run_20251219_163114/roundtrip_gemma3_270m/run_002
collected 0 items

============================ no tests ran in 0.00s =============================
```
**Attempting to fix pytest error...**
--- 
### ATTEMPT 3/3
### Querying Model: `gemma3:270m`
#### Raw LLM Response:
```
```python
# main.py
def generate_fibonacci(n):
  """Generates the first n Fibonacci numbers."""
  a = 0
  b = 1
  for i in range(n):
    if i % 2 == 0:
      a, b = b, a + b
    else:
      a, b = b, a + b
  return a
def test_generate_fibonacci(n):
  """Generates the first n Fibonacci numbers."""
  a = 0
  b = 1
  for i in range(n):
    if i % 2 == 0:
      a, b = b, a + b
    else:
      a, b = b, a + b
  return a
```
```
### Parsing LLM Response
**ERROR:** Could not find both '# main.py' and '# test_main.py' in the response.
**Attempting to fix formatting error: LLM did not follow output rules.**
**Overall Result for `gemma3:270m`: ‚ùå FAILURE**

Test for gemma3:270m finished with failures.
