/private/test/.venv/lib/python3.9/site-packages/urllib3/__init__.py:35: NotOpenSSLWarning: urllib3 v2 only supports OpenSSL 1.1.1+, currently the 'ssl' module is compiled with 'LibreSSL 2.8.3'. See: https://github.com/urllib3/urllib3/issues/3020
  warnings.warn(
# Final Symbolic S-expression Benchmark Log for yi:6b

**Date:** 2025-12-20T19:33:21.578964

--- 
### ATTEMPT 1/3
### Querying Model: `yi:6b`
#### Raw LLM Response:
```
```python
# main.py
def generate_fibonacci(count):
    result = []
    a, b = 0, 1
    for _ in range(count):
        result.append(a)
        temp = a + b
        a, b = b, temp
    return result
```
```python
# test_main.py
from main import generate_fibonacci
import unittest

class TestFibonacci(unittest.TestCase):
    def test_generate_fibonacci(self):
        expected = [0, 1, 1, 2, 3, 5, 8, 13, 21, 34]
        self.assertEqual(generate_fibonacci(10), expected)

if __name__ == '__main__':
    unittest.main()
```
```
### Parsing LLM Response
Content for `main.py` saved.
Content for `test_main.py` saved.
### Running Pytest Validation
**Pytest Result: FAILED**
```
============================= test session starts ==============================
platform darwin -- Python 3.9.6, pytest-8.4.2, pluggy-1.6.0
rootdir: /private/test/benchmarking_llm_against_prompt_formats/02_RawData/symbolic_run_20251219_163114/roundtrip_yi_6b/run_013
collected 1 item

test_main.py F                                                           [100%]

=================================== FAILURES ===================================
____________________ TestFibonacci.test_generate_fibonacci _____________________

self = <test_main.TestFibonacci testMethod=test_generate_fibonacci>

    def test_generate_fibonacci(self):
        expected = [0, 1, 1, 2, 3, 5, 8, 13, 21, 34]
>       self.assertEqual(generate_fibonacci(10), expected)

test_main.py:7: 
_ _ _ _ _ _ _ _ _ _ _ _ _ _ _ _ _ _ _ _ _ _ _ _ _ _ _ _ _ _ _ _ _ _ _ _ _ _ _ _ 

count = 10

    def generate_fibonacci(count):
        result = []
        a, b = 0, 1
        for _ in range(count):
            result.append(a)
            temp = a + b
            a, b = b, temp
>       return resultpython
E       NameError: name 'resultpython' is not defined

main.py:8: NameError
=========================== short test summary info ============================
FAILED test_main.py::TestFibonacci::test_generate_fibonacci - NameError: name...
============================== 1 failed in 0.02s ===============================
```
**Attempting to fix pytest error...**
--- 
### ATTEMPT 2/3
### Querying Model: `yi:6b`
#### Raw LLM Response:
```
The error is due to a typo in `main.py` where we have used `resultpython` instead of `result`. The correct code should be:

# main.py
def generate_fibonacci(count):
    result = []
    a, b = 0, 1
    for _ in range(count):
        result.append(a)
        temp = a + b
        a, b = b, temp
    return result

# test_main.py
from main import generate_fibonacci
import unittest

class TestFibonacci(unittest.TestCase):
    def test_generate_fibonacci(self):
        expected = [0, 1, 1, 2, 3, 5, 8, 13, 21, 34]
        self.assertEqual(generate_fibonacci(10), expected)

if __name__ == '__main__':
    unittest.main()
```
### Parsing LLM Response
Content for `main.py` saved.
Content for `test_main.py` saved.
### Running Pytest Validation
**Pytest Result: SUCCESS**
```
============================= test session starts ==============================
platform darwin -- Python 3.9.6, pytest-8.4.2, pluggy-1.6.0
rootdir: /private/test/benchmarking_llm_against_prompt_formats/02_RawData/symbolic_run_20251219_163114/roundtrip_yi_6b/run_013
collected 1 item

test_main.py .                                                           [100%]

============================== 1 passed in 0.00s ===============================
```
**Overall Result for `yi:6b`: ðŸŽ‰ SUCCESS**

Test for yi:6b finished successfully.
