/private/test/.venv/lib/python3.9/site-packages/urllib3/__init__.py:35: NotOpenSSLWarning: urllib3 v2 only supports OpenSSL 1.1.1+, currently the 'ssl' module is compiled with 'LibreSSL 2.8.3'. See: https://github.com/urllib3/urllib3/issues/3020
  warnings.warn(
# Simple Task Log for gemma:2b

**Task:** copy_list
**Date:** 2025-12-20T19:01:21.939595
**Lang:** jbo
**Style:** imperative

### Querying Model: `gemma:2b`
#### Raw LLM Response (first 100 chars):
```
The code you provided is a Python function called `copy_list`.

**Parameters:**

* `input_list`: A l...
```
### Parsing LLM Response for Python function
Content for final `generated_code.py` saved.
### Running Pytest Validation for copy_list
**Pytest Result: FAILED**
```
============================= test session starts ==============================
platform darwin -- Python 3.9.6, pytest-8.4.2, pluggy-1.6.0
rootdir: /private/test/benchmarking_llm_against_prompt_formats/02_RawData/symbolic_run_20251219_163114/simple_task_copy_list_jbo_imperative_gemma_2b/run_013
collected 2 items

test_generated_code.py F.                                                [100%]

=================================== FAILURES ===================================
_____________________________ test_copy_list_basic _____________________________

    def test_copy_list_basic():
        l = [1, 2, 3]
        c = copy_list(l)
        assert c == l
>       assert id(c) != id(l)
E       assert 4361767488 != 4361767488
E        +  where 4361767488 = id([1, 2, 3])
E        +  and   4361767488 = id([1, 2, 3])

test_generated_code.py:6: AssertionError
=========================== short test summary info ============================
FAILED test_generated_code.py::test_copy_list_basic - assert 4361767488 != 43...
========================= 1 failed, 1 passed in 0.02s ==========================
```

**Overall Result: FAILURE**
