/private/test/.venv/lib/python3.9/site-packages/urllib3/__init__.py:35: NotOpenSSLWarning: urllib3 v2 only supports OpenSSL 1.1.1+, currently the 'ssl' module is compiled with 'LibreSSL 2.8.3'. See: https://github.com/urllib3/urllib3/issues/3020
  warnings.warn(
# Simple Task Log for gemma:2b

**Task:** simple_sort
**Date:** 2025-12-22T05:07:58.030132
**Lang:** eo
**Style:** imperative

### Querying Model: `gemma:2b`
#### Raw LLM Response (first 100 chars):
```
```python
def simple_sort(number_list):
    """
    Funkcia simple sort.

    Args:
        number_l...
```
### Parsing LLM Response for Python function
Content for final `generated_code.py` saved.
### Running Pytest Validation for simple_sort
**Pytest Result: FAILED**
```
============================= test session starts ==============================
platform darwin -- Python 3.9.6, pytest-8.4.2, pluggy-1.6.0
rootdir: /private/test/benchmarking_llm_against_prompt_formats/02_RawData/symbolic_run_20251219_163114/simple_task_simple_sort_eo_imperative_gemma_2b/run_029
collected 3 items

test_generated_code.py FFF                                               [100%]

=================================== FAILURES ===================================
____________________________ test_simple_sort_basic ____________________________

    def test_simple_sort_basic():
>       assert simple_sort([3, 1, 2]) == [1, 2, 3]
E       assert None == [1, 2, 3]
E        +  where None = simple_sort([1, 2, 3])

test_generated_code.py:3: AssertionError
----------------------------- Captured stdout call -----------------------------
[1, 2, 3]
____________________________ test_simple_sort_empty ____________________________

    def test_simple_sort_empty():
>       assert simple_sort([]) == []
E       assert None == []
E        +  where None = simple_sort([])

test_generated_code.py:5: AssertionError
----------------------------- Captured stdout call -----------------------------
[]
__________________________ test_simple_sort_negative ___________________________

    def test_simple_sort_negative():
>       assert simple_sort([-1, -5, 0]) == [-5, -1, 0]
E       assert None == [-5, -1, 0]
E        +  where None = simple_sort([-5, -1, 0])

test_generated_code.py:7: AssertionError
----------------------------- Captured stdout call -----------------------------
[-5, -1, 0]
=========================== short test summary info ============================
FAILED test_generated_code.py::test_simple_sort_basic - assert None == [1, 2, 3]
FAILED test_generated_code.py::test_simple_sort_empty - assert None == []
FAILED test_generated_code.py::test_simple_sort_negative - assert None == [-5...
============================== 3 failed in 0.02s ===============================
```
**Overall Result for `gemma:2b` on task `simple_sort`: ‚ùå FAILURE**
