/private/test/.venv/lib/python3.9/site-packages/urllib3/__init__.py:35: NotOpenSSLWarning: urllib3 v2 only supports OpenSSL 1.1.1+, currently the 'ssl' module is compiled with 'LibreSSL 2.8.3'. See: https://github.com/urllib3/urllib3/issues/3020
  warnings.warn(
# Simple Task Log for yi:6b

**Task:** length_sort
**Date:** 2025-12-21T21:06:28.583042
**Lang:** jbo
**Style:** imperative

### Querying Model: `yi:6b`
#### Raw LLM Response (first 100 chars):
```
The function you are looking for is called `length_sort` and it takes a string list as input. It sor...
```
### Parsing LLM Response for Python function
Content for final `generated_code.py` saved.
### Running Pytest Validation for length_sort
**Pytest Result: FAILED**
```
============================= test session starts ==============================
platform darwin -- Python 3.9.6, pytest-8.4.2, pluggy-1.6.0
rootdir: /private/test/benchmarking_llm_against_prompt_formats/02_RawData/symbolic_run_20251219_163114/simple_task_length_sort_jbo_imperative_yi_6b/run_025
collected 0 items / 1 error

==================================== ERRORS ====================================
___________________ ERROR collecting test_generated_code.py ____________________
ImportError while importing test module '/private/test/benchmarking_llm_against_prompt_formats/02_RawData/symbolic_run_20251219_163114/simple_task_length_sort_jbo_imperative_yi_6b/run_025/test_generated_code.py'.
Hint: make sure your test modules/packages have valid Python names.
Traceback:
/Applications/Xcode.app/Contents/Developer/Library/Frameworks/Python3.framework/Versions/3.9/lib/python3.9/importlib/__init__.py:127: in import_module
    return _bootstrap._gcd_import(name[level:], package, level)
test_generated_code.py:1: in <module>
    from generated_code import length_sort
E   ImportError: cannot import name 'length_sort' from 'generated_code' (/private/test/benchmarking_llm_against_prompt_formats/02_RawData/symbolic_run_20251219_163114/simple_task_length_sort_jbo_imperative_yi_6b/run_025/generated_code.py)
=========================== short test summary info ============================
ERROR test_generated_code.py
!!!!!!!!!!!!!!!!!!!! Interrupted: 1 error during collection !!!!!!!!!!!!!!!!!!!!
=============================== 1 error in 0.07s ===============================
```
**Overall Result for `yi:6b` on task `length_sort`: ‚ùå FAILURE**
