/private/test/.venv/lib/python3.9/site-packages/urllib3/__init__.py:35: NotOpenSSLWarning: urllib3 v2 only supports OpenSSL 1.1.1+, currently the 'ssl' module is compiled with 'LibreSSL 2.8.3'. See: https://github.com/urllib3/urllib3/issues/3020
  warnings.warn(
# Final Symbolic S-expression Benchmark Log for stablelm2:1.6b

**Date:** 2025-12-21T03:29:00.401853

--- 
### ATTEMPT 1/3
### Querying Model: `stablelm2:1.6b`
#### Raw LLM Response:
```
Here are the transpiled Python code files for your S-expression script:

main.py:
```python
def generate_fibonacci(count):
    result = 0
    a = 0
    b = 1
    _ = count(κ "count")
    sum_plus = result + (κ "a") * (κ "b")
    a, b = b, a + b
    result = sum_plus
    return result

def main():
    result = generate_fibonacci(κ "count")
    print(result)

if __name__ == "__main__":
    main()
```

test_main.py:
```python
import pytest

def test_generate_fibonacci():
    assert (
        lambda call: generate_fibonacci(1)
        == [0, 1, 1, 2, 3, 5, 8]
        or
        lambda call: generate_fibonacci(2)
        == [1, 1, 2, 3, 5, 8, 13]
    )

def test_main():
    assert (
        lambda call: call()
        == 0
    )
```

These Python files are transpiled from your S-expression script. The `main.py` file contains the main function that prints the Fibonacci sequence up to a given count. The `test_main.py` file includes two tests for the `generate_fibonacci` function, ensuring it produces the correct output for different counts.
```
### Parsing LLM Response
**ERROR:** Could not find both '# main.py' and '# test_main.py' in the response.
**Attempting to fix formatting error: LLM did not follow output rules.**
--- 
### ATTEMPT 2/3
### Querying Model: `stablelm2:1.6b`
#### Raw LLM Response:
```
# main.py

def generate_fibonacci(count):
    result = 0
    a = 0
    b = 1
    _ = count(κ, "count")
    sum_plus = result + (κ, "a") * (κ, "b")
    a, b = b, a + b
    result = sum_plus
    return result

def main():
    result = generate_fibonacci(κ, "count")
    print(result)

if __name__ == "__main__":
    main()

# test_main.py

import pytest

def test_generate_fibonacci():
    assert (
        lambda call: generate_fibonacci(1)
         == [0, 1, 1, 2, 3, 5, 8]
        or
        lambda call: generate_fibonacci(2)
         == [1, 1, 2, 3, 5, 8, 9]
    )

def test_main():
    assert (
        lambda call: call()
         == 0
     )
```
### Parsing LLM Response
Content for `main.py` saved.
Content for `test_main.py` saved.
### Running Pytest Validation
**Pytest Result: FAILED**
```
============================= test session starts ==============================
platform darwin -- Python 3.9.6, pytest-8.4.2, pluggy-1.6.0
rootdir: /private/test/benchmarking_llm_against_prompt_formats/02_RawData/symbolic_run_20251219_163114/roundtrip_stablelm2_1.6b/run_017
collected 0 items / 1 error

==================================== ERRORS ====================================
________________________ ERROR collecting test_main.py _________________________
/private/test/.venv/lib/python3.9/site-packages/_pytest/python.py:498: in importtestmodule
    mod = import_path(
/private/test/.venv/lib/python3.9/site-packages/_pytest/pathlib.py:587: in import_path
    importlib.import_module(module_name)
/Applications/Xcode.app/Contents/Developer/Library/Frameworks/Python3.framework/Versions/3.9/lib/python3.9/importlib/__init__.py:127: in import_module
    return _bootstrap._gcd_import(name[level:], package, level)
<frozen importlib._bootstrap>:1030: in _gcd_import
    ???
<frozen importlib._bootstrap>:1007: in _find_and_load
    ???
<frozen importlib._bootstrap>:986: in _find_and_load_unlocked
    ???
<frozen importlib._bootstrap>:680: in _load_unlocked
    ???
/private/test/.venv/lib/python3.9/site-packages/_pytest/assertion/rewrite.py:177: in exec_module
    source_stat, co = _rewrite_test(fn, self.config)
/private/test/.venv/lib/python3.9/site-packages/_pytest/assertion/rewrite.py:357: in _rewrite_test
    tree = ast.parse(source, filename=strfn)
/Applications/Xcode.app/Contents/Developer/Library/Frameworks/Python3.framework/Versions/3.9/lib/python3.9/ast.py:50: in parse
    return compile(source, filename, mode, flags,
E     File "/private/test/benchmarking_llm_against_prompt_formats/02_RawData/symbolic_run_20251219_163114/roundtrip_stablelm2_1.6b/run_017/test_main.py", line 8
E       lambda call: generate_fibonacci(2)
E       ^
E   SyntaxError: invalid syntax
=========================== short test summary info ============================
ERROR test_main.py
!!!!!!!!!!!!!!!!!!!! Interrupted: 1 error during collection !!!!!!!!!!!!!!!!!!!!
=============================== 1 error in 0.12s ===============================
```
**Attempting to fix pytest error...**
--- 
### ATTEMPT 3/3
### Querying Model: `stablelm2:1.6b`
#### Raw LLM Response:
```
The error message indicates that there is a syntax issue with the lambda function in the `test_main.py` file. The problem lies in the usage of the `λ` keyword which is not valid in Python.

To fix this, you should replace `λ` with `lambda` and remove the underscore `_`. Here's the corrected version of your code:

```python
# main.py
def generate_fibonacci(count):
    result = 0
    a = 0
    b = 1
    for _ in count(κ, "count"):
        sum_plus = result + (κ, "a") * (κ, "b")
        a, b = b, a + b
        result = sum_plus
    return result

def main():
    result = generate_fibonacci(κ, "count")
    print(result)

if __name__ == "__main__":
    main()
```

```python
# test_1.py
import pytest

def test_generate_fibonacci():
    assert (
        lambda call: generate_fibonacci(2) == [1, 1, 2, 3, 5, 8, 9]
    )

def test_main():
    assert main() == 0

# test_2.py
import pytest

def test_generate_fibonacci():
    assert (
        lambda call: generate_fibonacci(1) == [0]
    )
```

After making these changes, you should be able to run the Python code without any errors.
```
### Parsing LLM Response
**ERROR:** Could not find both '# main.py' and '# test_main.py' in the response.
**Attempting to fix formatting error: LLM did not follow output rules.**
**Overall Result for `stablelm2:1.6b`: ❌ FAILURE**

Test for stablelm2:1.6b finished with failures.
