/private/test/.venv/lib/python3.9/site-packages/urllib3/__init__.py:35: NotOpenSSLWarning: urllib3 v2 only supports OpenSSL 1.1.1+, currently the 'ssl' module is compiled with 'LibreSSL 2.8.3'. See: https://github.com/urllib3/urllib3/issues/3020
  warnings.warn(
# Simple Task Log for falcon3:3b

**Task:** return_one
**Date:** 2025-12-20T03:59:20.605570
**Lang:** jbo
**Style:** imperative

### Querying Model: `falcon3:3b`
#### Raw LLM Response (first 100 chars):
```
To solve this problem, we need to write a Python function that takes an input and returns 1 if the i...
```
### Parsing LLM Response for Python function
Content for final `generated_code.py` saved.
### Running Pytest Validation for return_one
**Pytest Result: FAILED**
```
============================= test session starts ==============================
platform darwin -- Python 3.9.6, pytest-8.4.2, pluggy-1.6.0
rootdir: /private/test/benchmarking_llm_against_prompt_formats/02_RawData/symbolic_run_20251219_163114/simple_task_return_one_jbo_imperative_falcon3_3b/run_006
collected 1 item

test_generated_code.py F                                                 [100%]

=================================== FAILURES ===================================
_______________________________ test_return_one ________________________________

    def test_return_one():
>       assert return_one() == 1
E       TypeError: return_one() missing 1 required positional argument: 'x'

test_generated_code.py:3: TypeError
=========================== short test summary info ============================
FAILED test_generated_code.py::test_return_one - TypeError: return_one() miss...
============================== 1 failed in 0.01s ===============================
```
**Overall Result for `falcon3:3b` on task `return_one`: ‚ùå FAILURE**
