/private/test/.venv/lib/python3.9/site-packages/urllib3/__init__.py:35: NotOpenSSLWarning: urllib3 v2 only supports OpenSSL 1.1.1+, currently the 'ssl' module is compiled with 'LibreSSL 2.8.3'. See: https://github.com/urllib3/urllib3/issues/3020
  warnings.warn(
# Simple Task Log for stablelm2:1.6b

**Task:** reverse_sort
**Date:** 2025-12-20T10:18:30.673296
**Lang:** eo
**Style:** imperative

### Querying Model: `stablelm2:1.6b`
#### Raw LLM Response (first 100 chars):
```
Tasko: Krei Python-funkciju.

Funkcia Nomo: `reverse_sort`

Eniga Parametro: `number_list`

Ago:

1....
```
### Parsing LLM Response for Python function
Content for final `generated_code.py` saved.
### Running Pytest Validation for reverse_sort
**Pytest Result: FAILED**
```
============================= test session starts ==============================
platform darwin -- Python 3.9.6, pytest-8.4.2, pluggy-1.6.0
rootdir: /private/test/benchmarking_llm_against_prompt_formats/02_RawData/symbolic_run_20251219_163114/simple_task_reverse_sort_eo_imperative_stablelm2_1.6b/run_009
collected 2 items

test_generated_code.py F.                                                [100%]

=================================== FAILURES ===================================
___________________________ test_reverse_sort_basic ____________________________

    def test_reverse_sort_basic():
>       assert reverse_sort([3, 1, 2]) == [3, 2, 1]
E       assert [2, 1, 3] == [3, 2, 1]
E         
E         At index 0 diff: 2 != 3
E         Use -v to get more diff

test_generated_code.py:3: AssertionError
=========================== short test summary info ============================
FAILED test_generated_code.py::test_reverse_sort_basic - assert [2, 1, 3] == ...
========================= 1 failed, 1 passed in 0.02s ==========================
```
**Overall Result for `stablelm2:1.6b` on task `reverse_sort`: ‚ùå FAILURE**
