/private/test/.venv/lib/python3.9/site-packages/urllib3/__init__.py:35: NotOpenSSLWarning: urllib3 v2 only supports OpenSSL 1.1.1+, currently the 'ssl' module is compiled with 'LibreSSL 2.8.3'. See: https://github.com/urllib3/urllib3/issues/3020
  warnings.warn(
# Simple Task Log for gemma:7b

**Task:** length_sort
**Date:** 2025-12-21T10:33:45.304405
**Lang:** jbo
**Style:** imperative

### Querying Model: `gemma:7b`
#### Raw LLM Response (first 100 chars):
```
```python
def length_sort(string_list):
    string_list.sort(key=len, reverse=True)
    return strin...
```
### Parsing LLM Response for Python function
Content for final `generated_code.py` saved.
### Running Pytest Validation for length_sort
**Pytest Result: FAILED**
```
============================= test session starts ==============================
platform darwin -- Python 3.9.6, pytest-8.4.2, pluggy-1.6.0
rootdir: /private/test/benchmarking_llm_against_prompt_formats/02_RawData/symbolic_run_20251219_163114/simple_task_length_sort_jbo_imperative_gemma_7b/run_020
collected 2 items

test_generated_code.py F.                                                [100%]

=================================== FAILURES ===================================
____________________________ test_length_sort_basic ____________________________

    def test_length_sort_basic():
>       assert length_sort(["a", "ccc", "bb"]) == ["a", "bb", "ccc"]
E       AssertionError: assert ['ccc', 'bb', 'a'] == ['a', 'bb', 'ccc']
E         
E         At index 0 diff: 'ccc' != 'a'
E         Use -v to get more diff

test_generated_code.py:3: AssertionError
=========================== short test summary info ============================
FAILED test_generated_code.py::test_length_sort_basic - AssertionError: asser...
========================= 1 failed, 1 passed in 0.02s ==========================
```
**Overall Result for `gemma:7b` on task `length_sort`: ‚ùå FAILURE**
