/private/test/.venv/lib/python3.9/site-packages/urllib3/__init__.py:35: NotOpenSSLWarning: urllib3 v2 only supports OpenSSL 1.1.1+, currently the 'ssl' module is compiled with 'LibreSSL 2.8.3'. See: https://github.com/urllib3/urllib3/issues/3020
  warnings.warn(
# Simple Task Log for gemma3:270m

**Task:** return_one
**Date:** 2025-12-21T17:44:14.772358
**Lang:** en
**Style:** imperative

### Querying Model: `gemma3:270m`
#### Raw LLM Response (first 100 chars):
```
```python
def return_one(n):
    return n
```...
```
### Parsing LLM Response for Python function
Content for final `generated_code.py` saved.
### Running Pytest Validation for return_one
**Pytest Result: FAILED**
```
============================= test session starts ==============================
platform darwin -- Python 3.9.6, pytest-8.4.2, pluggy-1.6.0
rootdir: /private/test/benchmarking_llm_against_prompt_formats/02_RawData/symbolic_run_20251219_163114/simple_task_return_one_en_imperative_gemma3_270m/run_024
collected 1 item

test_generated_code.py F                                                 [100%]

=================================== FAILURES ===================================
_______________________________ test_return_one ________________________________

    def test_return_one():
>       assert return_one() == 1
E       TypeError: return_one() missing 1 required positional argument: 'n'

test_generated_code.py:3: TypeError
=========================== short test summary info ============================
FAILED test_generated_code.py::test_return_one - TypeError: return_one() miss...
============================== 1 failed in 0.01s ===============================
```
**Overall Result for `gemma3:270m` on task `return_one`: ‚ùå FAILURE**
