/private/test/.venv/lib/python3.9/site-packages/urllib3/__init__.py:35: NotOpenSSLWarning: urllib3 v2 only supports OpenSSL 1.1.1+, currently the 'ssl' module is compiled with 'LibreSSL 2.8.3'. See: https://github.com/urllib3/urllib3/issues/3020
  warnings.warn(
# Simple Task Log for gemma:2b

**Task:** length_sort
**Date:** 2025-12-20T03:58:06.188728
**Lang:** ja
**Style:** imperative

### Querying Model: `gemma:2b`
#### Raw LLM Response (first 100 chars):
```
```python
def length_sort(string_list):
  """
  文字列の長さで降順に並べる新しいリストを返します。

  引数:
    string_list: 要処...
```
### Parsing LLM Response for Python function
Content for final `generated_code.py` saved.
### Running Pytest Validation for length_sort
**Pytest Result: FAILED**
```
============================= test session starts ==============================
platform darwin -- Python 3.9.6, pytest-8.4.2, pluggy-1.6.0
rootdir: /private/test/benchmarking_llm_against_prompt_formats/02_RawData/symbolic_run_20251219_163114/simple_task_length_sort_ja_imperative_gemma_2b/run_006
collected 2 items

test_generated_code.py .F                                                [100%]

=================================== FAILURES ===================================
____________________________ test_length_sort_empty ____________________________

    def test_length_sort_empty():
>       assert length_sort([]) == []

test_generated_code.py:5: 
_ _ _ _ _ _ _ _ _ _ _ _ _ _ _ _ _ _ _ _ _ _ _ _ _ _ _ _ _ _ _ _ _ _ _ _ _ _ _ _ 

string_list = []

    def length_sort(string_list):
      """
      文字列の長さで降順に並べる新しいリストを返します。
    
      引数:
        string_list: 要処理する文字列のリスト。
    
      返値:
        新しい文字列のリスト。
      """
    
      # string_list の文字列を分割する。
      strings = string_list
    
      # 各文字の長さを取得する。
      lengths = [len(s) for s in strings]
    
      # 長さが最も短な文字のサイズを取得する。
>     shortest_length = min(lengths)
E     ValueError: min() arg is an empty sequence

generated_code.py:19: ValueError
=========================== short test summary info ============================
FAILED test_generated_code.py::test_length_sort_empty - ValueError: min() arg...
========================= 1 failed, 1 passed in 0.02s ==========================
```
**Overall Result for `gemma:2b` on task `length_sort`: ❌ FAILURE**
