/private/test/.venv/lib/python3.9/site-packages/urllib3/__init__.py:35: NotOpenSSLWarning: urllib3 v2 only supports OpenSSL 1.1.1+, currently the 'ssl' module is compiled with 'LibreSSL 2.8.3'. See: https://github.com/urllib3/urllib3/issues/3020
  warnings.warn(
# Simple Task Log for gemma:2b

**Task:** length_sort
**Date:** 2025-12-20T12:36:00.894219
**Lang:** eo
**Style:** imperative

### Querying Model: `gemma:2b`
#### Raw LLM Response (first 100 chars):
```
```python
def length_sort(string_list):
    # Zorguloj, ke la funkcio estas uzata por laŭ laŭ longo
...
```
### Parsing LLM Response for Python function
Content for final `generated_code.py` saved.
### Running Pytest Validation for length_sort
**Pytest Result: FAILED**
```
============================= test session starts ==============================
platform darwin -- Python 3.9.6, pytest-8.4.2, pluggy-1.6.0
rootdir: /private/test/benchmarking_llm_against_prompt_formats/02_RawData/symbolic_run_20251219_163114/simple_task_length_sort_eo_imperative_gemma_2b/run_010
collected 2 items

test_generated_code.py .F                                                [100%]

=================================== FAILURES ===================================
____________________________ test_length_sort_empty ____________________________

    def test_length_sort_empty():
>       assert length_sort([]) == []
E       assert None == []
E        +  where None = length_sort([])

test_generated_code.py:5: AssertionError
=========================== short test summary info ============================
FAILED test_generated_code.py::test_length_sort_empty - assert None == []
========================= 1 failed, 1 passed in 0.02s ==========================
```
**Overall Result for `gemma:2b` on task `length_sort`: ❌ FAILURE**
