/private/test/.venv/lib/python3.9/site-packages/urllib3/__init__.py:35: NotOpenSSLWarning: urllib3 v2 only supports OpenSSL 1.1.1+, currently the 'ssl' module is compiled with 'LibreSSL 2.8.3'. See: https://github.com/urllib3/urllib3/issues/3020
  warnings.warn(
# Final Symbolic S-expression Benchmark Log for stablelm2:1.6b

**Date:** 2025-12-19T21:28:51.947146

--- 
### ATTEMPT 1/3
### Querying Model: `stablelm2:1.6b`
#### Raw LLM Response:
```
Here are the transpiled Python code files for/Public Relations/Marketing
- Branding and Design
- Content Creation and Management
- Social Media and Online Marketing
- Event Planning and Coordination
- Public Relations and Crisis Management
- Advertising and Media Planning

4. Project Management
- Organize and manage all aspects of the project, including timelines, budgets, resources, and stakeholders.
- Ensure that the project is completed on time, within budget, and to the satisfaction of all involved parties.

5. Leadership and Team Building
- Build a strong team with diverse skill sets and personalities.
- Foster collaboration, creativity, and innovation among team members.
- Provide leadership and guidance to help team members achieve their goals and contribute to the success of the project.

6. Training and Development
- Develop training programs for team members to improve their skills and knowledge in relevant areas.
- Offer ongoing training and development opportunities to keep team members engaged and motivated.
- Encourage a culture of learning and continuous improvement within the organization.

7. Customer Service and Satisfaction
- Provide exceptional customer service to all stakeholders, including clients, employees, investors, and other key partners.
- Ensure that customers are satisfied with the quality of products or services provided.
- Monitor feedback from customers and make necessary adjustments to improve satisfaction levels.

8. Financial Management
- Manage financial resources effectively to ensure that the project is completed within budget and on time.
- Monitor expenses and identify areas where cost savings can be achieved.
- Ensure that financial reports are accurate, timely, and reliable.

9. Risk Management and Mitigation
- Identify potential risks and challenges associated with the project and develop strategies to mitigate them.
- Implement risk management plans to minimize the impact of unforeseen events or issues.
- Continuously monitor and evaluate risk levels to ensure that appropriate measures are in place to manage any potential risks.

10. Legal Compliance and Regulatory Requirements
- Ensure that all activities, decisions, and actions related to the project meet all relevant legal and regulatory requirements.
- Work with legal counsel to develop policies and procedures that address compliance issues.
- Monitor regulatory changes and adjust strategies as needed to ensure continued compliance.

11. Sustainability and Environmental Responsibility
- Develop sustainability plans to minimize environmental impact and reduce waste.
- Implement green initiatives, such..
...
... 
...
...
...
...
...
...
...
...
...
...
...
...
...
...
...
...
...
...
...
...
...
...
...
...
...
...
...
...
...
...
...
```
### Parsing LLM Response
**ERROR:** Could not find both '# main.py' and '# test_main.py' in the response.
**Attempting to fix formatting error: LLM did not follow output rules.**
--- 
### ATTEMPT 2/3
### Querying Model: `stablelm2:1.6b`
#### Raw LLM Response:
```
# main.py

```python
def generate_fibonacci(count):
    result = 0
    a = 0
    b = 1
    
    for _ in range(count):
        result += a
        a, b = b, result + b
    return result


if __name__ == "__main__":
    count = int(input("Enter the count: "))
    fibonacci_result = generate_fibonacci(count)
    
    print(f"The {count}th Fibonacci number is: {fibonacci_result}")
```

# test_1.py

```python
def test_generate_fibonacci():
    result = 0
    a = 0
    b = 1
    
    for _ in range(10):
        result += a
        a, b = b, result + b
    assert generate_fibonacci(5) == result, "Test failed"
    
    print("All tests passed")
```

# test_2.py

```python
def test_generate_fibonacci():
    result = 0
    a = 0
    b = 1
    
    for _ in range(10):
        result += a
        a, b = b, result + b
    assert generate_fibonacci(5) == result, "Test failed"
    
    print("All tests passed")
    
if __name__ == "__main__":
    import main

    test_generate_fibonacci()
```
```
### Parsing LLM Response
**ERROR:** Could not find both '# main.py' and '# test_main.py' in the response.
**Attempting to fix formatting error: LLM did not follow output rules.**
--- 
### ATTEMPT 3/3
### Querying Model: `stablelm2:1.6b`
#### Raw LLM Response:
```
# main.py
```python
def generate_fibonacci(count):
    result = 0
    a = 0
    b = 1

    for _ in range(count):
        result += a
        a, b = b, result + b
    return result


if __name__ == "__main__":
    count = int(input("Enter the count: "))
    fibonacci_result = generate_fibonacci(count)

    print(f"The {count}th Fibonacci number is: {fibonacci_result}")
```

# test_main.py
```python.
def test_generate_fibonacci():
    result = 0
    a = 0
    b = 1

    for _ in range(cook):
        result += a
        a, b = b, result + b
    assert generate_fibonacci(5) == result, "Test failed"

    print("All tests passed")
```
```
### Parsing LLM Response
Content for `main.py` saved.
Content for `test_main.py` saved.
### Running Pytest Validation
**Pytest Result: FAILED**
```
============================= test session starts ==============================
platform darwin -- Python 3.9.6, pytest-8.4.2, pluggy-1.6.0
rootdir: /private/test/benchmarking_llm_against_prompt_formats/02_RawData/symbolic_run_20251219_163114/roundtrip_stablelm2_1.6b/run_003
collected 0 items / 1 error

==================================== ERRORS ====================================
________________________ ERROR collecting test_main.py _________________________
/private/test/.venv/lib/python3.9/site-packages/_pytest/python.py:498: in importtestmodule
    mod = import_path(
/private/test/.venv/lib/python3.9/site-packages/_pytest/pathlib.py:587: in import_path
    importlib.import_module(module_name)
/Applications/Xcode.app/Contents/Developer/Library/Frameworks/Python3.framework/Versions/3.9/lib/python3.9/importlib/__init__.py:127: in import_module
    return _bootstrap._gcd_import(name[level:], package, level)
<frozen importlib._bootstrap>:1030: in _gcd_import
    ???
<frozen importlib._bootstrap>:1007: in _find_and_load
    ???
<frozen importlib._bootstrap>:986: in _find_and_load_unlocked
    ???
<frozen importlib._bootstrap>:680: in _load_unlocked
    ???
/private/test/.venv/lib/python3.9/site-packages/_pytest/assertion/rewrite.py:177: in exec_module
    source_stat, co = _rewrite_test(fn, self.config)
/private/test/.venv/lib/python3.9/site-packages/_pytest/assertion/rewrite.py:357: in _rewrite_test
    tree = ast.parse(source, filename=strfn)
/Applications/Xcode.app/Contents/Developer/Library/Frameworks/Python3.framework/Versions/3.9/lib/python3.9/ast.py:50: in parse
    return compile(source, filename, mode, flags,
E     File "/private/test/benchmarking_llm_against_prompt_formats/02_RawData/symbolic_run_20251219_163114/roundtrip_stablelm2_1.6b/run_003/test_main.py", line 1
E       python.
E              ^
E   SyntaxError: invalid syntax
=========================== short test summary info ============================
ERROR test_main.py
!!!!!!!!!!!!!!!!!!!! Interrupted: 1 error during collection !!!!!!!!!!!!!!!!!!!!
=============================== 1 error in 0.12s ===============================
```
**Overall Result for `stablelm2:1.6b`: ‚ùå FAILURE**

Test for stablelm2:1.6b finished with failures.
