/private/test/.venv/lib/python3.9/site-packages/urllib3/__init__.py:35: NotOpenSSLWarning: urllib3 v2 only supports OpenSSL 1.1.1+, currently the 'ssl' module is compiled with 'LibreSSL 2.8.3'. See: https://github.com/urllib3/urllib3/issues/3020
  warnings.warn(
# Custom Sort Test Log for gemma:2b

**Date:** 2025-12-20T03:58:22.195463
**Lang:** jbo


## Prompt File Used
`custom_sort_jbo_prompt.md`


### Querying Model: `gemma:2b`
#### Raw LLM Response (first 300 chars):
```
```python
def custom_sort(string_list):
    # Sort the list in reverse order
    string_list.sort(reverse=True)

    # Return the sorted list
    return string_list


# Get the input list from the user
input_list = input("Enter a list of strings, separated by commas: ")

# Convert the input list to ...
```
## Raw LLM Response
```
```python
def custom_sort(string_list):
    # Sort the list in reverse order
    string_list.sort(reverse=True)

    # Return the sorted list
    return string_list


# Get the input list from the user
input_list = input("Enter a list of strings, separated by commas: ")

# Convert the input list to a list of strings
string_list = input_list.split(",")

# Sort the list of strings
sorted_list = custom_sort(string_list)

# Print the sorted list
print(sorted_list)
```
```


### Parsing LLM Response for custom_sort() function
Content for final `custom_sort_solution.py` saved.


### Running Pytest Validation
**Pytest Result: FAILED**
```
============================= test session starts ==============================
platform darwin -- Python 3.9.6, pytest-8.4.2, pluggy-1.6.0
rootdir: /private/test/benchmarking_llm_against_prompt_formats/02_RawData/symbolic_run_20251219_163114/simple_task_custom_sort_jbo_gemma_2b/run_006
collected 0 items / 1 error

==================================== ERRORS ====================================
_____________________ ERROR collecting test_custom_sort.py _____________________
test_custom_sort.py:12: in <module>
    from custom_sort_solution import custom_sort
custom_sort_solution.py:10: in <module>
    input_list = input("Enter a list of strings, separated by commas: ")
/private/test/.venv/lib/python3.9/site-packages/_pytest/capture.py:229: in read
    raise OSError(
E   OSError: pytest: reading from stdin while output is captured!  Consider using `-s`.
------------------------------- Captured stdout --------------------------------
Enter a list of strings, separated by commas: 
=========================== short test summary info ============================
ERROR test_custom_sort.py - OSError: pytest: reading from stdin while output ...
!!!!!!!!!!!!!!!!!!!! Interrupted: 1 error during collection !!!!!!!!!!!!!!!!!!!!
=============================== 1 error in 0.07s ===============================
```
## Pytest Validation Result
Passed: False
```
============================= test session starts ==============================
platform darwin -- Python 3.9.6, pytest-8.4.2, pluggy-1.6.0
rootdir: /private/test/benchmarking_llm_against_prompt_formats/02_RawData/symbolic_run_20251219_163114/simple_task_custom_sort_jbo_gemma_2b/run_006
collected 0 items / 1 error

==================================== ERRORS ====================================
_____________________ ERROR collecting test_custom_sort.py _____________________
test_custom_sort.py:12: in <module>
    from custom_sort_solution import custom_sort
custom_sort_solution.py:10: in <module>
    input_list = input("Enter a list of strings, separated by commas: ")
/private/test/.venv/lib/python3.9/site-packages/_pytest/capture.py:229: in read
    raise OSError(
E   OSError: pytest: reading from stdin while output is captured!  Consider using `-s`.
------------------------------- Captured stdout --------------------------------
Enter a list of strings, separated by commas: 
=========================== short test summary info ============================
ERROR test_custom_sort.py - OSError: pytest: reading from stdin while output ...
!!!!!!!!!!!!!!!!!!!! Interrupted: 1 error during collection !!!!!!!!!!!!!!!!!!!!
=============================== 1 error in 0.07s ===============================
```

**Overall Result: FAILURE**

