/private/test/.venv/lib/python3.9/site-packages/urllib3/__init__.py:35: NotOpenSSLWarning: urllib3 v2 only supports OpenSSL 1.1.1+, currently the 'ssl' module is compiled with 'LibreSSL 2.8.3'. See: https://github.com/urllib3/urllib3/issues/3020
  warnings.warn(
# Einstein Riddle Logic Test Log for mistral:7b

**Date:** 2025-12-20T13:20:57.399302
**Test Type:** cot_baseline

**Language:** en

### Querying Model: `mistral:7b` (temperature=0.0)
#### Raw LLM Response (first 100 chars):
```
```python
def solve_puzzle():
    houses = ['Norwegian', 'Swede', 'Brit', 'Dane', 'German']
    colo...
```
### Parsing LLM Response for Python code block
**INFO:** Successfully extracted Python code block containing 'solve_puzzle()'.
Content for final `einstein_solution.py` saved.
### Running Pytest Validation
**Pytest Result: FAILED**
```
============================= test session starts ==============================
platform darwin -- Python 3.9.6, pytest-8.4.2, pluggy-1.6.0
rootdir: /private/test/benchmarking_llm_against_prompt_formats/02_RawData/symbolic_run_20251219_163114/einstein_cot_baseline_en_mistral_7b/run_010
collected 1 item

test_einstein_riddle.py F                                                [100%]

=================================== FAILURES ===================================
________________________ test_einstein_riddle_solution _________________________

    def test_einstein_riddle_solution():
        """
        Tests the output of the LLM-generated solve_puzzle function.
        It imports the function directly and captures its standard output.
        """
        solution_file = "einstein_solution.py"
        expected_answer = "German"
    
        try:
            # Dynamically import the generated function
            from einstein_solution import solve_puzzle
        except ImportError:
            pytest.fail(f"Could not import 'solve_puzzle' from '{solution_file}'. The file might be missing or contain syntax errors.")
    
        captured_output = ""
        try:
            # Capture standard output from the function call
            with io.StringIO() as buf, contextlib.redirect_stdout(buf):
                solve_puzzle()
                captured_output = buf.getvalue().strip()
    
            print(f"Captured output from solve_puzzle(): '{captured_output}'")
            print(f"Expected answer: '{expected_answer}'")
    
            # Check if the expected answer is present in the captured output
>           assert expected_answer in captured_output, \
                f"The puzzle solution is incorrect. Expected to find '{expected_answer}', but got '{captured_output}'."
E               AssertionError: The puzzle solution is incorrect. Expected to find 'German', but got ''.
E               assert 'German' in ''

test_einstein_riddle.py:36: AssertionError

During handling of the above exception, another exception occurred:

    def test_einstein_riddle_solution():
        """
        Tests the output of the LLM-generated solve_puzzle function.
        It imports the function directly and captures its standard output.
        """
        solution_file = "einstein_solution.py"
        expected_answer = "German"
    
        try:
            # Dynamically import the generated function
            from einstein_solution import solve_puzzle
        except ImportError:
            pytest.fail(f"Could not import 'solve_puzzle' from '{solution_file}'. The file might be missing or contain syntax errors.")
    
        captured_output = ""
        try:
            # Capture standard output from the function call
            with io.StringIO() as buf, contextlib.redirect_stdout(buf):
                solve_puzzle()
                captured_output = buf.getvalue().strip()
    
            print(f"Captured output from solve_puzzle(): '{captured_output}'")
            print(f"Expected answer: '{expected_answer}'")
    
            # Check if the expected answer is present in the captured output
            assert expected_answer in captured_output, \
                f"The puzzle solution is incorrect. Expected to find '{expected_answer}', but got '{captured_output}'."
    
        except Exception as e:
>           pytest.fail(f"The 'solve_puzzle' function produced an unexpected error during execution: {e}\nCaptured output was: '{captured_output}'")
E           Failed: The 'solve_puzzle' function produced an unexpected error during execution: The puzzle solution is incorrect. Expected to find 'German', but got ''.
E           assert 'German' in ''
E           Captured output was: ''

test_einstein_riddle.py:40: Failed
----------------------------- Captured stdout call -----------------------------
Captured output from solve_puzzle(): ''
Expected answer: 'German'
=========================== short test summary info ============================
FAILED test_einstein_riddle.py::test_einstein_riddle_solution - Failed: The '...
============================== 1 failed in 0.02s ===============================
```
**Overall Result for `mistral:7b`: ‚ùå FAILURE**
