/private/test/.venv/lib/python3.9/site-packages/urllib3/__init__.py:35: NotOpenSSLWarning: urllib3 v2 only supports OpenSSL 1.1.1+, currently the 'ssl' module is compiled with 'LibreSSL 2.8.3'. See: https://github.com/urllib3/urllib3/issues/3020
  warnings.warn(
# Einstein Riddle Logic Test Log for stablelm2:1.6b

**Date:** 2025-12-21T14:08:42.172910
**Test Type:** token_test

### Querying Model: `stablelm2:1.6b` (temperature=0.0)
#### Raw LLM Response (first 100 chars):
```
To solve this puzzle using a custom token-based language, we will use a backtracking algorithm. The ...
```
### Parsing LLM Response for Python code block
**INFO:** Successfully extracted Python code block containing 'solve_puzzle()'.
Content for final `einstein_solution.py` saved.
### Running Pytest Validation
**Pytest Result: FAILED**
```
============================= test session starts ==============================
platform darwin -- Python 3.9.6, pytest-8.4.2, pluggy-1.6.0
rootdir: /private/test/benchmarking_llm_against_prompt_formats/02_RawData/symbolic_run_20251219_163114/einstein_token_test_stablelm2_1.6b/run_022
collected 1 item

test_einstein_riddle.py F                                                [100%]

=================================== FAILURES ===================================
________________________ test_einstein_riddle_solution _________________________

    def test_einstein_riddle_solution():
        """
        Tests the output of the LLM-generated solve_puzzle function.
        It imports the function directly and captures its standard output.
        """
        solution_file = "einstein_solution.py"
        expected_answer = "German"
    
        try:
            # Dynamically import the generated function
>           from einstein_solution import solve_puzzle

test_einstein_riddle.py:21: 
_ _ _ _ _ _ _ _ _ _ _ _ _ _ _ _ _ _ _ _ _ _ _ _ _ _ _ _ _ _ _ _ _ _ _ _ _ _ _ _ 
einstein_solution.py:70: in <module>
    solve_puzzle()
einstein_solution.py:62: in solve_puzzle
    if backtrack(0, {}):
einstein_solution.py:45: in backtrack
    if not any(constraint_set["nationality"].__contains__(nationality) for _ in range(len(nationalities))):
_ _ _ _ _ _ _ _ _ _ _ _ _ _ _ _ _ _ _ _ _ _ _ _ _ _ _ _ _ _ _ _ _ _ _ _ _ _ _ _ 

.0 = <range_iterator object at 0x10368fea0>

>   if not any(constraint_set["nationality"].__contains__(nationality) for _ in range(len(nationalities))):
E   KeyError: 'nationality'

einstein_solution.py:45: KeyError
=========================== short test summary info ============================
FAILED test_einstein_riddle.py::test_einstein_riddle_solution - KeyError: 'na...
============================== 1 failed in 0.02s ===============================
```
**Overall Result for `stablelm2:1.6b`: ‚ùå FAILURE**
