/private/test/.venv/lib/python3.9/site-packages/urllib3/__init__.py:35: NotOpenSSLWarning: urllib3 v2 only supports OpenSSL 1.1.1+, currently the 'ssl' module is compiled with 'LibreSSL 2.8.3'. See: https://github.com/urllib3/urllib3/issues/3020
  warnings.warn(
# Final Symbolic S-expression Benchmark Log for yi:6b

**Date:** 2025-12-20T10:59:37.352862

--- 
### ATTEMPT 1/3
### Querying Model: `yi:6b`
#### Raw LLM Response:
```
```python
# main.py
def generate_fibonacci(count):
    result = []
    a, b = 0, 1
    for _ in range(count):
        result.append(a)
        temp = a + b
        a, b = b, temp
    return result
```
```python
# test_main.py
from main import generate_fibonacci
import unittest

class TestFibonacci(unittest.TestCase):
    def test_generate_fibonacci(self):
        expected = [0, 1, 1, 2, 3, 5, 8, 13, 21, 34]
        self.assertEqual(generate_fibonacci(10), expected)

if __name__ == '__main__':
    unittest.main()
```
```
### Parsing LLM Response
Content for `main.py` saved.
Content for `test_main.py` saved.
### Running Pytest Validation
**Pytest Result: FAILED**
```
============================= test session starts ==============================
platform darwin -- Python 3.9.6, pytest-8.4.2, pluggy-1.6.0
rootdir: /private/test/benchmarking_llm_against_prompt_formats/02_RawData/symbolic_run_20251219_163114/roundtrip_yi_6b/run_009
collected 1 item

test_main.py F                                                           [100%]

=================================== FAILURES ===================================
____________________ TestFibonacci.test_generate_fibonacci _____________________

self = <test_main.TestFibonacci testMethod=test_generate_fibonacci>

    def test_generate_fibonacci(self):
        expected = [0, 1, 1, 2, 3, 5, 8, 13, 21, 34]
>       self.assertEqual(generate_fibonacci(10), expected)

test_main.py:7: 
_ _ _ _ _ _ _ _ _ _ _ _ _ _ _ _ _ _ _ _ _ _ _ _ _ _ _ _ _ _ _ _ _ _ _ _ _ _ _ _ 

count = 10

    def generate_fibonacci(count):
        result = []
        a, b = 0, 1
        for _ in range(count):
            result.append(a)
            temp = a + b
            a, b = b, temp
>       return resultpython
E       NameError: name 'resultpython' is not defined

main.py:8: NameError
=========================== short test summary info ============================
FAILED test_main.py::TestFibonacci::test_generate_fibonacci - NameError: name...
============================== 1 failed in 0.02s ===============================
```
**Attempting to fix pytest error...**
--- 
### ATTEMPT 2/3
### Querying Model: `yi:6b`
#### Raw LLM Response:
```
The error is due to a typo in `main.py` where we have used `resultpython` instead of `result`. Let's correct this and regenerate the Python code.

### Corrected Code ###
# main.py
def generate_fibonacci(count):
    result = []
    a, b = 0, 1
    for _ in range(count):
        result.append(a)
        temp = a + b
        a, b = b, temp
    return result

# test_main.py
from main import generate_fibonacci
import unittest

class TestFibonacci(unittest.TestCase):
    def test_generate_fibonacci(self):
        expected = [0, 1, 1, 2, 3, 5, 8, 13, 21, 34]
        self.assertEqual(generate_fibonacci(10), expected)

if __name__ == '__main__':
    unittest.main()
```python
# main.py
def generate_fibonacci(count):
    result = []
    a, b = 0, 1
    for _ in range(count):
        result.append(a)
        temp = a + b
        a, b = b, temp
    return result

# test_main.py
from main import generate_fibonacci
import unittest

class TestFibonacci(unittest.TestCase):
    def test_generate_fibonacci(self):
        expected = [0, 1, 1, 2, 3, 5, 8, 13, 21, 34]
        self.assertEqual(generate_fibonacci(10), expected)

if __name__ == '__main__':
    unittest.main()
```
```
### Parsing LLM Response
Content for `main.py` saved.
Content for `test_main.py` saved.
### Running Pytest Validation
**Pytest Result: FAILED**
```
============================= test session starts ==============================
platform darwin -- Python 3.9.6, pytest-8.4.2, pluggy-1.6.0
rootdir: /private/test/benchmarking_llm_against_prompt_formats/02_RawData/symbolic_run_20251219_163114/roundtrip_yi_6b/run_009
collected 0 items / 1 error

==================================== ERRORS ====================================
________________________ ERROR collecting test_main.py _________________________
/private/test/.venv/lib/python3.9/site-packages/_pytest/python.py:498: in importtestmodule
    mod = import_path(
/private/test/.venv/lib/python3.9/site-packages/_pytest/pathlib.py:587: in import_path
    importlib.import_module(module_name)
/Applications/Xcode.app/Contents/Developer/Library/Frameworks/Python3.framework/Versions/3.9/lib/python3.9/importlib/__init__.py:127: in import_module
    return _bootstrap._gcd_import(name[level:], package, level)
<frozen importlib._bootstrap>:1030: in _gcd_import
    ???
<frozen importlib._bootstrap>:1007: in _find_and_load
    ???
<frozen importlib._bootstrap>:986: in _find_and_load_unlocked
    ???
<frozen importlib._bootstrap>:680: in _load_unlocked
    ???
/private/test/.venv/lib/python3.9/site-packages/_pytest/assertion/rewrite.py:177: in exec_module
    source_stat, co = _rewrite_test(fn, self.config)
/private/test/.venv/lib/python3.9/site-packages/_pytest/assertion/rewrite.py:357: in _rewrite_test
    tree = ast.parse(source, filename=strfn)
/Applications/Xcode.app/Contents/Developer/Library/Frameworks/Python3.framework/Versions/3.9/lib/python3.9/ast.py:50: in parse
    return compile(source, filename, mode, flags,
E     File "/private/test/benchmarking_llm_against_prompt_formats/02_RawData/symbolic_run_20251219_163114/roundtrip_yi_6b/run_009/test_main.py", line 10
E       unittest.main()python
E                      ^
E   SyntaxError: invalid syntax
=========================== short test summary info ============================
ERROR test_main.py
!!!!!!!!!!!!!!!!!!!! Interrupted: 1 error during collection !!!!!!!!!!!!!!!!!!!!
=============================== 1 error in 0.12s ===============================
```
**Attempting to fix pytest error...**
--- 
### ATTEMPT 3/3
### Querying Model: `yi:6b`
#### Raw LLM Response:
```
The error is due to a syntax issue in `test_main.py` where we are trying to call `unittest.main()` which does not work as expected when used directly from within a test file. Instead, you should run the tests using `unittest.main(argv=['.'])` or `python -m unittest .` command in terminal.

Here's how we can fix it:

# main.py
def generate_fibonacci(count):
    result = []
    a, b = 0, 1
    for _ in range(count):
        result.append(a)
        temp = a + b
        a, b = b, temp
    return result

# test_main.py
from main import generate_fibonacci
import unittest

class TestFibonacci(unittest.TestCase):
    def test_generate_fibonacci(self):
        expected = [0, 1, 1, 2, 3, 5, 8, 13, 21, 34]
        self.assertEqual(generate_fibonacci(10), expected)

if __name__ == '__main__':
    unittest.main(argv=['.'])python
# main.py
def generate_fibonacci(count):
    result = []
    a, b = 0, 1
    for _ in range(count):
        result.append(a)
        temp = a + b
        a, b = b, temp
    return result

# test_main.py
from main import generate_fibonacci
import unittest

class TestFibonacci(unittest.TestCase):
    def test_generate_fibonacci(self):
        expected = [0, 1, 1, 2, 3, 5, 8, 13, 21, 34]
        self.assertEqual(generate_fibonacci(10), expected)

if __name__ == '__main__':
    unittest.main(argv=['.'])
---
The error:
---
============================= test session starts ==============================
platform darwin -- Python 3.9.6, pytest-8.4.2, pluggy-1.6.0
rootdir: /private/test/benchmarking_llm_against_prompt_formats/02_RawData/symbolic_run_20251219_163114/roundtrip_yi_6b/run_009
collected 0 items / 1 error

==================================== ERRORS ====================================
________________________ ERROR collecting test_main.py _________________________
/private/test/.venv/lib/python3.9/site-packages/_pytest/python.py:498: in importtestmodule
    mod = import_path(
/private/test/.venv/lib/python3.9/site-packages/_pytest/pathlib.py:587: in import_path
    importlib.import_module(module_name)
/Applications/Xcode.app/Contents/Developer/Library/Frameworks/Python3.framework/Versions/3.9/lib/python3.9/importlib/__init__.py:127: in import_module
    return _bootstrap._gcd_import(name[level:], package, level)
<frozen importlib._bootstrap>:1030: in _gcd_import
    ???
<frozen importlib._bootstrap>:1007: in _find_and_load
    ???
<frozen importlib._bootstrap>:986: in _find_and_load_unlocked
    ???
<frozen importlib._bootstrap>:680: in _load_unlocked
    ???
/private/test/.venv/lib/python3.9/site-packages/_pytest/assertion/rewrite.py:177: in exec_module
    source_stat, co = _rewrite_test(fn, self.config)
/private/test/.venv/lib/python3.9/site-packages/_pytest/assertion/rewrite.py:357: in _rewrite_test
    tree = ast.parse(source, filename=strfn)
/Applications/Xcode.app/Contents/Developer/Library/Frameworks/Python3.framework/Versions/3.9/lib/python3.9/ast.py:50: in parse
    return compile(source, filename, mode, flags,
E     File "/private/test/benchmarking_llm_against_prompt_formats/02_RawData/symbolic_run_20251219_163114/roundtrip_yi_6b/run_009/test_main.py", line 10
E       unittest.main()python
E                      ^
E   SyntaxError: invalid syntax
=========================== short test summary info ============================
ERROR test_main.py
!!!!!!!!!!!!!!!!!!!! Interrupted: 1 error during collection !!!!!!!!!!!!!!!!!!!!
=============================== 1 error in 0.12s ===============================
---
**Please analyze the error and regenerate the Python code to fix it, strictly adhering to the CRITICAL OUTPUT RULES for output format.
```
### Parsing LLM Response
Content for `main.py` saved.
Content for `test_main.py` saved.
### Running Pytest Validation
**Pytest Result: FAILED**
```
============================= test session starts ==============================
platform darwin -- Python 3.9.6, pytest-8.4.2, pluggy-1.6.0
rootdir: /private/test/benchmarking_llm_against_prompt_formats/02_RawData/symbolic_run_20251219_163114/roundtrip_yi_6b/run_009
collected 0 items / 1 error

==================================== ERRORS ====================================
________________________ ERROR collecting test_main.py _________________________
/private/test/.venv/lib/python3.9/site-packages/_pytest/python.py:498: in importtestmodule
    mod = import_path(
/private/test/.venv/lib/python3.9/site-packages/_pytest/pathlib.py:587: in import_path
    importlib.import_module(module_name)
/Applications/Xcode.app/Contents/Developer/Library/Frameworks/Python3.framework/Versions/3.9/lib/python3.9/importlib/__init__.py:127: in import_module
    return _bootstrap._gcd_import(name[level:], package, level)
<frozen importlib._bootstrap>:1030: in _gcd_import
    ???
<frozen importlib._bootstrap>:1007: in _find_and_load
    ???
<frozen importlib._bootstrap>:986: in _find_and_load_unlocked
    ???
<frozen importlib._bootstrap>:680: in _load_unlocked
    ???
/private/test/.venv/lib/python3.9/site-packages/_pytest/assertion/rewrite.py:177: in exec_module
    source_stat, co = _rewrite_test(fn, self.config)
/private/test/.venv/lib/python3.9/site-packages/_pytest/assertion/rewrite.py:357: in _rewrite_test
    tree = ast.parse(source, filename=strfn)
/Applications/Xcode.app/Contents/Developer/Library/Frameworks/Python3.framework/Versions/3.9/lib/python3.9/ast.py:50: in parse
    return compile(source, filename, mode, flags,
E     File "/private/test/benchmarking_llm_against_prompt_formats/02_RawData/symbolic_run_20251219_163114/roundtrip_yi_6b/run_009/test_main.py", line 10
E       unittest.main(argv=['.'])python
E                                ^
E   SyntaxError: invalid syntax
=========================== short test summary info ============================
ERROR test_main.py
!!!!!!!!!!!!!!!!!!!! Interrupted: 1 error during collection !!!!!!!!!!!!!!!!!!!!
=============================== 1 error in 0.11s ===============================
```
**Overall Result for `yi:6b`: ‚ùå FAILURE**

Test for yi:6b finished with failures.
