/private/test/.venv/lib/python3.9/site-packages/urllib3/__init__.py:35: NotOpenSSLWarning: urllib3 v2 only supports OpenSSL 1.1.1+, currently the 'ssl' module is compiled with 'LibreSSL 2.8.3'. See: https://github.com/urllib3/urllib3/issues/3020
  warnings.warn(
# Custom Sort Test Log for stablelm2:1.6b

**Date:** 2025-12-21T11:55:58.470296
**Lang:** en


## Prompt File Used
`custom_sort_en_prompt.md`


### Querying Model: `stablelm2:1.6b`
#### Raw LLM Response (first 300 chars):
```
Here is the Python code for your problem:

```python
def custom_ sort(string_list):
    string_list.sort(key=lambda x: (len(x), x))
    return string_list

# Test the function with example input
print(custom_sort(["apple", "fig", "banana", "cherry", "date"]))
```

In this code, we first define a fun...
```
## Raw LLM Response
```
Here is the Python code for your problem:

```python
def custom_ sort(string_list):
    string_list.sort(key=lambda x: (len(x), x))
    return string_list

# Test the function with example input
print(custom_sort(["apple", "fig", "banana", "cherry", "date"]))
```

In this code, we first define a function `custom_sort` that sorts the list using Python's built-in `sort` function. The `key` parameter of the `sort` function is set to a lambda function that returns a tuple `(len(x), x)`. This means that for each string in the list, it will be sorted first by its length (with shorter strings coming first), and then by its lexicographical order.

Then we test this function with your example input. The output should match your expected example output.
```


### Parsing LLM Response for custom_sort() function
Content for final `custom_sort_solution.py` saved.


### Running Pytest Validation
**Pytest Result: FAILED**
```
============================= test session starts ==============================
platform darwin -- Python 3.9.6, pytest-8.4.2, pluggy-1.6.0
rootdir: /private/test/benchmarking_llm_against_prompt_formats/02_RawData/symbolic_run_20251219_163114/simple_task_custom_sort_en_stablelm2_1.6b/run_021
collected 0 items / 1 error

==================================== ERRORS ====================================
_____________________ ERROR collecting test_custom_sort.py _____________________
/private/test/.venv/lib/python3.9/site-packages/_pytest/python.py:498: in importtestmodule
    mod = import_path(
/private/test/.venv/lib/python3.9/site-packages/_pytest/pathlib.py:587: in import_path
    importlib.import_module(module_name)
/Applications/Xcode.app/Contents/Developer/Library/Frameworks/Python3.framework/Versions/3.9/lib/python3.9/importlib/__init__.py:127: in import_module
    return _bootstrap._gcd_import(name[level:], package, level)
<frozen importlib._bootstrap>:1030: in _gcd_import
    ???
<frozen importlib._bootstrap>:1007: in _find_and_load
    ???
<frozen importlib._bootstrap>:986: in _find_and_load_unlocked
    ???
<frozen importlib._bootstrap>:680: in _load_unlocked
    ???
/private/test/.venv/lib/python3.9/site-packages/_pytest/assertion/rewrite.py:186: in exec_module
    exec(co, module.__dict__)
test_custom_sort.py:12: in <module>
    from custom_sort_solution import custom_sort
E     File "/private/test/benchmarking_llm_against_prompt_formats/02_RawData/symbolic_run_20251219_163114/simple_task_custom_sort_en_stablelm2_1.6b/run_021/custom_sort_solution.py", line 1
E       def custom_ sort(string_list):
E                   ^
E   SyntaxError: invalid syntax
=========================== short test summary info ============================
ERROR test_custom_sort.py
!!!!!!!!!!!!!!!!!!!! Interrupted: 1 error during collection !!!!!!!!!!!!!!!!!!!!
=============================== 1 error in 0.10s ===============================
```
## Pytest Validation Result
Passed: False
```
============================= test session starts ==============================
platform darwin -- Python 3.9.6, pytest-8.4.2, pluggy-1.6.0
rootdir: /private/test/benchmarking_llm_against_prompt_formats/02_RawData/symbolic_run_20251219_163114/simple_task_custom_sort_en_stablelm2_1.6b/run_021
collected 0 items / 1 error

==================================== ERRORS ====================================
_____________________ ERROR collecting test_custom_sort.py _____________________
/private/test/.venv/lib/python3.9/site-packages/_pytest/python.py:498: in importtestmodule
    mod = import_path(
/private/test/.venv/lib/python3.9/site-packages/_pytest/pathlib.py:587: in import_path
    importlib.import_module(module_name)
/Applications/Xcode.app/Contents/Developer/Library/Frameworks/Python3.framework/Versions/3.9/lib/python3.9/importlib/__init__.py:127: in import_module
    return _bootstrap._gcd_import(name[level:], package, level)
<frozen importlib._bootstrap>:1030: in _gcd_import
    ???
<frozen importlib._bootstrap>:1007: in _find_and_load
    ???
<frozen importlib._bootstrap>:986: in _find_and_load_unlocked
    ???
<frozen importlib._bootstrap>:680: in _load_unlocked
    ???
/private/test/.venv/lib/python3.9/site-packages/_pytest/assertion/rewrite.py:186: in exec_module
    exec(co, module.__dict__)
test_custom_sort.py:12: in <module>
    from custom_sort_solution import custom_sort
E     File "/private/test/benchmarking_llm_against_prompt_formats/02_RawData/symbolic_run_20251219_163114/simple_task_custom_sort_en_stablelm2_1.6b/run_021/custom_sort_solution.py", line 1
E       def custom_ sort(string_list):
E                   ^
E   SyntaxError: invalid syntax
=========================== short test summary info ============================
ERROR test_custom_sort.py
!!!!!!!!!!!!!!!!!!!! Interrupted: 1 error during collection !!!!!!!!!!!!!!!!!!!!
=============================== 1 error in 0.10s ===============================
```

**Overall Result: FAILURE**

