/private/test/.venv/lib/python3.9/site-packages/urllib3/__init__.py:35: NotOpenSSLWarning: urllib3 v2 only supports OpenSSL 1.1.1+, currently the 'ssl' module is compiled with 'LibreSSL 2.8.3'. See: https://github.com/urllib3/urllib3/issues/3020
  warnings.warn(
# Diagnosis Logic Test Log for yi:6b

**Date:** 2025-12-20T15:18:21.536966
**Test Type:** json

### Querying Model: `yi:6b`
#### Raw LLM Response (first 100 chars):
```
def diagnose(symptoms: list) -> str:
    symptoms_set = set(symptoms)
    if {'High Fever', 'Joint P...
```
### Parsing LLM Response for diagnose() function
**INFO:** Successfully extracted 'diagnose()' function.
Content for final `diagnosis_logic.py` saved.
### Running Pytest Validation
**Pytest Result: FAILED**
```
============================= test session starts ==============================
platform darwin -- Python 3.9.6, pytest-8.4.2, pluggy-1.6.0
rootdir: /private/test/benchmarking_llm_against_prompt_formats/02_RawData/symbolic_run_20251219_163114/diagnosis_json_yi_6b/run_011
collected 6 items

test_diagnosis_logic.py ..F...                                           [100%]

=================================== FAILURES ===================================
________________________________ test_hay_fever ________________________________

    def test_hay_fever():
>       assert diagnose(["Sneezing", "Runny Nose", "Itchy Eyes"]) == "Suspected Hay Fever"
E       AssertionError: assert 'Consult a Specialist' == 'Suspected Hay Fever'
E         
E         - Suspected Hay Fever
E         + Consult a Specialist

test_diagnosis_logic.py:11: AssertionError
=========================== short test summary info ============================
FAILED test_diagnosis_logic.py::test_hay_fever - AssertionError: assert 'Cons...
========================= 1 failed, 5 passed in 0.02s ==========================
```
**Overall Result for `yi:6b`: ‚ùå FAILURE**
