/private/test/.venv/lib/python3.9/site-packages/urllib3/__init__.py:35: NotOpenSSLWarning: urllib3 v2 only supports OpenSSL 1.1.1+, currently the 'ssl' module is compiled with 'LibreSSL 2.8.3'. See: https://github.com/urllib3/urllib3/issues/3020
  warnings.warn(
# Final Symbolic S-expression Benchmark Log for stablelm2:1.6b

**Date:** 2025-12-20T21:02:54.887279

--- 
### ATTEMPT 1/3
### Querying Model: `stablelm2:1.6b`
#### Raw LLM Response:
```
Here are the transpiled Python code files for your S-expression script:

main.py:
```python
def generate_fibonacci(count):
    result = 0
    a = 0
    b = 1
    _ = count(κ "count")
    sum_plus_result = result + sum([a, b])
    a = b
    b = _ - (κ "a") - (κ "b")
    a = b
    b = _ - (κ "a") - (κ "b")
    a = b
    result = sum_plus_result
    return result

def main():
    result = generate_fibonacci(ι "count")
    print(result)

if __name__ == "__main__":
    main()
```

test_main.py:
```python
import test_module

def test_generate_fibonacci():
    assert test_module.test_generate_fibonacci() == 13

test_main.run(test='generate_fibonacci')
```

In the above code, I have translated the S-expression keywords into Python equivalents. The `DEFINE_FILE` block in the S-expression script has been converted to a function definition in the main Python file. Similarly, the `(DEFINE_FILE)` block in the S-expression script has been used as a function definition in the test Python file.

The `test_**` functions are placeholders for your tests in the `test_**.py` file. Replace them with actual test cases to ensure that the `generate_fibonacci` function works correctly.

Make sure to follow the output rules provided, ensuring that each code block is enclosed in standard Python fences and uses exactly 4 spaces for indentation.
```
### Parsing LLM Response
**ERROR:** Could not find both '# main.py' and '# test_main.py' in the response.
**Attempting to fix formatting error: LLM did not follow output rules.**
--- 
### ATTEMPT 2/3
### Querying Model: `stablelm2:1.6b`
#### Raw LLM Response:
```
# main.py

def fibonacci(n):
    if n <= 1:
        return n
    else:
        a, b = 0, 1
        for _ in range(2, n + 1):
            a, b = b, a + b
        return b

if __name__ == "__main__":
    count = int(input("Enter the count: "))
    result = fibonacci(count)
    print(f"Result: {result}")

# test_main.py

import test_module

def test_generate_fibonacci():
    assert test_module.test_generate_fibonacci() == fibonacci(10)

test_main.run(test='generate_fibonacci')

# Transpiled Python code files for your S-expression script
main.py:
```python
def fibonacci(n):
    if n <= 1:
        return n
    else:
..
test_**.py

import test_module

def test_generate_fibonacci():
    assert test_module.test_generate_fibonacci() == fibonacci(10)

test_main.run(test='generate_fibonacci')
```

In the main Python file, I have defined a function `fibonacci` that calculates the Fibonacci number for a given input. The `if __name__ == "__main__":` block is used to ensure that the code inside it runs when the script is directly executed.

For the test Python file, I have created a function `test_generate_fibonacci` that tests the `fibonacci` function with an input of 10. This function is then called using the `test_main.run()` method.

Make sure to replace the placeholders in the test functions with actual test cases to ensure that the `generate_fibonacci` function works correctly.
```
### Parsing LLM Response
Content for `main.py` saved.
Content for `test_main.py` saved.
### Running Pytest Validation
**Pytest Result: FAILED**
```
============================= test session starts ==============================
platform darwin -- Python 3.9.6, pytest-8.4.2, pluggy-1.6.0
rootdir: /private/test/benchmarking_llm_against_prompt_formats/02_RawData/symbolic_run_20251219_163114/roundtrip_stablelm2_1.6b/run_014
collected 0 items / 1 error

==================================== ERRORS ====================================
________________________ ERROR collecting test_main.py _________________________
/private/test/.venv/lib/python3.9/site-packages/_pytest/python.py:498: in importtestmodule
    mod = import_path(
/private/test/.venv/lib/python3.9/site-packages/_pytest/pathlib.py:587: in import_path
    importlib.import_module(module_name)
/Applications/Xcode.app/Contents/Developer/Library/Frameworks/Python3.framework/Versions/3.9/lib/python3.9/importlib/__init__.py:127: in import_module
    return _bootstrap._gcd_import(name[level:], package, level)
<frozen importlib._bootstrap>:1030: in _gcd_import
    ???
<frozen importlib._bootstrap>:1007: in _find_and_load
    ???
<frozen importlib._bootstrap>:986: in _find_and_load_unlocked
    ???
<frozen importlib._bootstrap>:680: in _load_unlocked
    ???
/private/test/.venv/lib/python3.9/site-packages/_pytest/assertion/rewrite.py:177: in exec_module
    source_stat, co = _rewrite_test(fn, self.config)
/private/test/.venv/lib/python3.9/site-packages/_pytest/assertion/rewrite.py:357: in _rewrite_test
    tree = ast.parse(source, filename=strfn)
/Applications/Xcode.app/Contents/Developer/Library/Frameworks/Python3.framework/Versions/3.9/lib/python3.9/ast.py:50: in parse
    return compile(source, filename, mode, flags,
E     File "/private/test/benchmarking_llm_against_prompt_formats/02_RawData/symbolic_run_20251219_163114/roundtrip_stablelm2_1.6b/run_014/test_main.py", line 14
E       ..
E   IndentationError: expected an indented block
=========================== short test summary info ============================
ERROR test_main.py
!!!!!!!!!!!!!!!!!!!! Interrupted: 1 error during collection !!!!!!!!!!!!!!!!!!!!
=============================== 1 error in 0.12s ===============================
```
**Attempting to fix pytest error...**
--- 
### ATTEMPT 3/3
### Querying Model: `stablelm2:1.6b`
#### Raw LLM Response:
```
The error message indicates that there is an indentation error in the test file `test_**.py`. This means that the Python code block is not properly indented.

To fix this issue, you need to ensure that each line of code within a block is properly indented. In this case, the problem lies with the following lines:

```python
def test_**.py:
```

The `test_**.py` function should be indented as follows:

```python
def test_**.py:
    # Your test code here
```

Additionally, you need to replace the placeholder in the `test_**.py` function with actual test cases to ensure that the `generate_fibonacci` function works correctly.

Here's the corrected version of the Python code:

```python
# main.py
def fibonacci(n):
    if n <= 1:
        return n
    else:
        a, b = 0, 1
        for _ in range(2, n + 1):
            a, b = b, a + b
        return b

if __name__ == "__main__":
    count = int(input("Enter the count: "))
    result = fibonacci(count)
    print(f"Result: {result}")

# test_**.py
import test_module

def test_generate_fibonacci():
    assert test_module.test_generate_fibonacci() == fibonacci(2)

test_main.run(test='generate_fibonacci')
```

In this version, the `fibonacci` function is defined correctly and the `__name__` variable is used to ensure that the code inside it runs when the script is directly executed. The `test_**.py` file now includes a test function `test_generate_fibonacci`, which tests the `generate_fibonacci` function with an input of 2.

Make sure to replace the placeholder in the test function with actual test cases to ensure that the `generate_fibonacci` function works correctly.
```
### Parsing LLM Response
**ERROR:** Could not find both '# main.py' and '# test_main.py' in the response.
**Attempting to fix formatting error: LLM did not follow output rules.**
**Overall Result for `stablelm2:1.6b`: ❌ FAILURE**

Test for stablelm2:1.6b finished with failures.
