/private/test/.venv/lib/python3.9/site-packages/urllib3/__init__.py:35: NotOpenSSLWarning: urllib3 v2 only supports OpenSSL 1.1.1+, currently the 'ssl' module is compiled with 'LibreSSL 2.8.3'. See: https://github.com/urllib3/urllib3/issues/3020
  warnings.warn(
# Einstein Riddle Logic Test Log for stablelm2:1.6b

**Date:** 2025-12-20T21:05:19.395867
**Test Type:** token_test

### Querying Model: `stablelm2:1.6b` (temperature=0.0)
#### Raw LLM Response (first 100 chars):
```
To solve this puzzle using a custom token-based language, we will use a backtracking algorithm. The ...
```
### Parsing LLM Response for Python code block
**INFO:** Successfully extracted Python code block containing 'solve_puzzle()'.
Content for final `einstein_solution.py` saved.
### Running Pytest Validation
**Pytest Result: FAILED**
```
============================= test session starts ==============================
platform darwin -- Python 3.9.6, pytest-8.4.2, pluggy-1.6.0
rootdir: /private/test/benchmarking_llm_against_prompt_formats/02_RawData/symbolic_run_20251219_163114/einstein_token_test_stablelm2_1.6b/run_014
collected 1 item

test_einstein_riddle.py F                                                [100%]

=================================== FAILURES ===================================
________________________ test_einstein_riddle_solution _________________________

    def test_einstein_riddle_solution():
        """
        Tests the output of the LLM-generated solve_puzzle function.
        It imports the function directly and captures its standard output.
        """
        solution_file = "einstein_solution.py"
        expected_answer = "German"
    
        try:
            # Dynamically import the generated function
>           from einstein_solution import solve_puzzle

test_einstein_riddle.py:21: 
_ _ _ _ _ _ _ _ _ _ _ _ _ _ _ _ _ _ _ _ _ _ _ _ _ _ _ _ _ _ _ _ _ _ _ _ _ _ _ _ 
einstein_solution.py:65: in <module>
    solve_puzzle()
einstein_solution.py:57: in solve_puzzle
    if backtrack(0):
_ _ _ _ _ _ _ _ _ _ _ _ _ _ _ _ _ _ _ _ _ _ _ _ _ _ _ _ _ _ _ _ _ _ _ _ _ _ _ _ 

house_index = 0

    def backtrack(house_index):
        # Base case: if we have filled all houses, check if the solution is valid
        if house_index == 5:
            # Constraint 1: The Brit drinks Tea.
            if not any(nat in living_in_house for nat in nationalities) or \
                not any(drink in drinks_with_attribute for drink in drinks) or \
                not any(pet in pets for pet in pets) or \
                not any(smoke in smokes for smoke in smokes):
                return True
            # Constraint ..
        else:
            # Recursive step: Try to fill the current house (house_index)
            for nat in nationalities:
                if nat not in constraint_1["nationality"]:
>                   solution[house_index] = {"nationality": nat, "pet": pet}
E                   NameError: name 'pet' is not defined

einstein_solution.py:44: NameError
=========================== short test summary info ============================
FAILED test_einstein_riddle.py::test_einstein_riddle_solution - NameError: na...
============================== 1 failed in 0.02s ===============================
```
**Overall Result for `stablelm2:1.6b`: ‚ùå FAILURE**
