/private/test/.venv/lib/python3.9/site-packages/urllib3/__init__.py:35: NotOpenSSLWarning: urllib3 v2 only supports OpenSSL 1.1.1+, currently the 'ssl' module is compiled with 'LibreSSL 2.8.3'. See: https://github.com/urllib3/urllib3/issues/3020
  warnings.warn(
# Diagnosis Logic Test Log for gemma3:270m

**Date:** 2025-12-19T23:01:31.385368
**Test Type:** s_expr

### Querying Model: `gemma3:270m`
#### Raw LLM Response (first 100 chars):
```
```python
def diagnose(symptoms: list) -> str:
  symptoms_set = set(symptoms)
  if {'High Fever', 'J...
```
### Parsing LLM Response for diagnose() function
**INFO:** Successfully extracted 'diagnose()' function.
Content for final `diagnosis_logic.py` saved.
### Running Pytest Validation
**Pytest Result: FAILED**
```
============================= test session starts ==============================
platform darwin -- Python 3.9.6, pytest-8.4.2, pluggy-1.6.0
rootdir: /private/test/benchmarking_llm_against_prompt_formats/02_RawData/symbolic_run_20251219_163114/diagnosis_s_expr_gemma3_270m/run_004
collected 0 items / 1 error

==================================== ERRORS ====================================
___________________ ERROR collecting test_diagnosis_logic.py ___________________
/private/test/.venv/lib/python3.9/site-packages/_pytest/python.py:498: in importtestmodule
    mod = import_path(
/private/test/.venv/lib/python3.9/site-packages/_pytest/pathlib.py:587: in import_path
    importlib.import_module(module_name)
/Applications/Xcode.app/Contents/Developer/Library/Frameworks/Python3.framework/Versions/3.9/lib/python3.9/importlib/__init__.py:127: in import_module
    return _bootstrap._gcd_import(name[level:], package, level)
<frozen importlib._bootstrap>:1030: in _gcd_import
    ???
<frozen importlib._bootstrap>:1007: in _find_and_load
    ???
<frozen importlib._bootstrap>:986: in _find_and_load_unlocked
    ???
<frozen importlib._bootstrap>:680: in _load_unlocked
    ???
/private/test/.venv/lib/python3.9/site-packages/_pytest/assertion/rewrite.py:186: in exec_module
    exec(co, module.__dict__)
test_diagnosis_logic.py:2: in <module>
    from diagnosis_logic import diagnose
E     File "/private/test/benchmarking_llm_against_prompt_formats/02_RawData/symbolic_run_20251219_163114/diagnosis_s_expr_gemma3_270m/run_004/diagnosis_logic.py", line 4
E       return "Suspected Influenza"
E       ^
E   IndentationError: expected an indented block
=========================== short test summary info ============================
ERROR test_diagnosis_logic.py
!!!!!!!!!!!!!!!!!!!! Interrupted: 1 error during collection !!!!!!!!!!!!!!!!!!!!
=============================== 1 error in 0.10s ===============================
```
**Overall Result for `gemma3:270m`: ‚ùå FAILURE**
