/private/test/.venv/lib/python3.9/site-packages/urllib3/__init__.py:35: NotOpenSSLWarning: urllib3 v2 only supports OpenSSL 1.1.1+, currently the 'ssl' module is compiled with 'LibreSSL 2.8.3'. See: https://github.com/urllib3/urllib3/issues/3020
  warnings.warn(
# Einstein Riddle Logic Test Log for stablelm2:1.6b

**Date:** 2025-12-20T08:11:50.982059
**Test Type:** s_expr

### Querying Model: `stablelm2:1.6b` (temperature=0.0)
#### Raw LLM Response (first 100 chars):
```
To solve this puzzle, we need to find the answer to the query "Who keeps the Fish?" based on the pro...
```
### Parsing LLM Response for Python code block
**INFO:** Successfully extracted Python code block containing 'solve_puzzle()'.
Content for final `einstein_solution.py` saved.
### Running Pytest Validation
**Pytest Result: FAILED**
```
============================= test session starts ==============================
platform darwin -- Python 3.9.6, pytest-8.4.2, pluggy-1.6.0
rootdir: /private/test/benchmarking_llm_against_prompt_formats/02_RawData/symbolic_run_20251219_163114/einstein_s_expr_stablelm2_1.6b/run_008
collected 1 item

test_einstein_riddle.py F                                                [100%]

=================================== FAILURES ===================================
________________________ test_einstein_riddle_solution _________________________

    def test_einstein_riddle_solution():
        """
        Tests the output of the LLM-generated solve_puzzle function.
        It imports the function directly and captures its standard output.
        """
        solution_file = "einstein_solution.py"
        expected_answer = "German"
    
        try:
            # Dynamically import the generated function
>           from einstein_solution import solve_puzzle
E             File "/private/test/benchmarking_llm_against_prompt_formats/02_RawData/symbolic_run_20251219_163114/einstein_s_expr_stablelm2_1.6b/run_008/einstein_solution.py", line 2
E               assert(exists((p) and (is_a(p) and (keeps_pet(p) == "Fish")))(and (nationality_of p == "Norwegian") and (has_neighbor(house_number, 1) == True)))
E                                                                             ^
E           SyntaxError: invalid syntax

test_einstein_riddle.py:21: SyntaxError
=========================== short test summary info ============================
FAILED test_einstein_riddle.py::test_einstein_riddle_solution -   File "/priv...
============================== 1 failed in 0.02s ===============================
```
**Overall Result for `stablelm2:1.6b`: ‚ùå FAILURE**
