/private/test/.venv/lib/python3.9/site-packages/urllib3/__init__.py:35: NotOpenSSLWarning: urllib3 v2 only supports OpenSSL 1.1.1+, currently the 'ssl' module is compiled with 'LibreSSL 2.8.3'. See: https://github.com/urllib3/urllib3/issues/3020
  warnings.warn(
# Final Symbolic S-expression Benchmark Log for stablelm2:1.6b

**Date:** 2025-12-20T08:11:25.171516

--- 
### ATTEMPT 1/3
### Querying Model: `stablelm2:1.6b`
#### Raw LLM Response:
```
Here are the transpiled Python code files for your S-expression script:

main.py:
```python
def generate_fibonacci(count):
    result = 0
    a = 0
    b = 1
    _ = count(κ "count")
    sum_plus_result = result + sum([a, b])
    a, b = b, a + b
    _ = count(κ "a")
    sum_minus_one = result - 1
    _ = count(κ "b")
    sum_plus_two = sum_plus_result + b
    a, b = b, a + b
    _ = count(κ "temp")
    return a

def main():
    result = generate_fibonacci(ι "count")
    print(result)

if __name__ == "__main__":
    main()
```

test_main.py:
```python
import pytest

def test_generate_fibonacci():
    assert (
        (lambda-Test call to generate_fibonacci)
        == sum([0, 1, 1, 2, 3, 5, 8])
    )

@pytest.mark.runargs({ "count": [1, 2, 3] })
def test_generate_fibonacci_call():
    assert (
        (lambda-Test call to generate_fibonacci)
        == sum([0, 1, 1, 2, 3, 5, 8])
    )

@pytest.mark.runargs({ "count": [4, 5, 6] })
def test_generate_fibonacci_call():
    assert (
        (lambda-Test call to generate_fibonacci)
        == sum([0, 1, 1, 2, 3, 5, 8])
    )

@pytest.mark.runargs({ "count": [7, 8, 9] })
def test_generate_fibonacci_call():
    assert (
        (lambda-Test call to generate_fibonacci)
        == sum([0, 1, 1, 2, 3, 5, 8])
    )
```

These Python files are transpiled according..
The S-expression script rules you provided. The main.py file contains the `generate_fibonacci` function and its usage in the `main` function. The test_*.py files contain tests for the `generate_fibonacci` function using pytest.
```
### Parsing LLM Response
**ERROR:** Could not find both '# main.py' and '# test_main.py' in the response.
**Attempting to fix formatting error: LLM did not follow output rules.**
--- 
### ATTEMPT 2/3
### Querying Model: `stablelm2:1.6b`
#### Raw LLM Response:
```
# main.py

def generate_fibonacci(count):
    result = 0
    a = 0
    b = 1
    _ = count(κ, "count")
    sum_plus_result = result + sum([a, b])
    a, b = b, a + b
    _ = count(κ, "a")
    sum_minus_one = result - 1
    _ = count(κ, "b")
    sum_plus_two = sum_plus_result + b
    a, b = b, a + b
    _ = count(κ, "temp")
    return a

def main():
    result = generate_fibonacci(ι, "count")
    print(result)

if __name__ == "__main__":
    main()

# test_main.py

import pytest

def test_generate_fibonacci_call():
    assert (
        (lambda-Test call to generate_fibonacci)
        == sum([0, 1, 1, 2, 3, 5, 8])
    )

def test_generate_fibonacci_4args():
    assert (
        (lambda-Test call to generate_fibonacci)
        == sum([0, 1, 1, 2, 3, 5, 8])
    )

def test_generate_fibonacci_5args():
    assert (
        (lambda-Test call
         to generate_fibonacci)
        == sum([0, 1, 1, 2, 3, 5, 8])
    )

def test_generate_fibonacci_7args():
    assert (
        (lambda-Test call
         to generate_fibonacci)
        == sum([0, 1, 1, 2, 3, 5, 8])
    )

# Transpiled Python code files for the S-expression script

main.py:
```python
def generate_fibonacci(count):
    result = 0
    a = 0
    b = 1
    _ = count(κ, "count")
    sum_plus_result = result + sum([a, b])
    a, b = b, a + b
    _ = count(κ, "a")
    sum_minus_one = result - ..
    _ = count(κ, "b")
    sum_plus_two = sum_plus_result + b
    a, b = b, a + b
    _ = count(κ, "temp")
    return a

def main():
    result = generate_fibonacci(ι, "count")
    print(result)

if __name__ == "__main__":
    main()
```

test_main.py:
```python
import pytest

def test_generate_fibonacci_call():
    assert (
        (lambda-Test call to generate_fibonacci)
        == sum([0, 1, 1, 2, 3, 5, 8])
    )

def test_generate_fibonacci_4args():
    assert (
        (lambda-Test call to generate_fibonacci)
        == sum([0, 1, 1, 2, 3, 5, 8])
    )

def test_generate_fibonacci_5args():
    assert (
        (lambda-Test call to generate_fibonacci)
        == sum([0, 1, 1, 2, 3, 5, 8])
    )

def test_generate_fibonacci_7args():
    assert (
        (lambda-Test call to generate_fibonacci)
        == sum([0, 1, 1, 2, 3, 5, 8])
    )
```
```
### Parsing LLM Response
Content for `main.py` saved.
Content for `test_main.py` saved.
### Running Pytest Validation
**Pytest Result: FAILED**
```
============================= test session starts ==============================
platform darwin -- Python 3.9.6, pytest-8.4.2, pluggy-1.6.0
rootdir: /private/test/benchmarking_llm_against_prompt_formats/02_RawData/symbolic_run_20251219_163114/roundtrip_stablelm2_1.6b/run_008
collected 0 items / 1 error

==================================== ERRORS ====================================
________________________ ERROR collecting test_main.py _________________________
/private/test/.venv/lib/python3.9/site-packages/_pytest/python.py:498: in importtestmodule
    mod = import_path(
/private/test/.venv/lib/python3.9/site-packages/_pytest/pathlib.py:587: in import_path
    importlib.import_module(module_name)
/Applications/Xcode.app/Contents/Developer/Library/Frameworks/Python3.framework/Versions/3.9/lib/python3.9/importlib/__init__.py:127: in import_module
    return _bootstrap._gcd_import(name[level:], package, level)
<frozen importlib._bootstrap>:1030: in _gcd_import
    ???
<frozen importlib._bootstrap>:1007: in _find_and_load
    ???
<frozen importlib._bootstrap>:986: in _find_and_load_unlocked
    ???
<frozen importlib._bootstrap>:680: in _load_unlocked
    ???
/private/test/.venv/lib/python3.9/site-packages/_pytest/assertion/rewrite.py:177: in exec_module
    source_stat, co = _rewrite_test(fn, self.config)
/private/test/.venv/lib/python3.9/site-packages/_pytest/assertion/rewrite.py:357: in _rewrite_test
    tree = ast.parse(source, filename=strfn)
/Applications/Xcode.app/Contents/Developer/Library/Frameworks/Python3.framework/Versions/3.9/lib/python3.9/ast.py:50: in parse
    return compile(source, filename, mode, flags,
E     File "/private/test/benchmarking_llm_against_prompt_formats/02_RawData/symbolic_run_20251219_163114/roundtrip_stablelm2_1.6b/run_008/test_main.py", line 5
E       (lambda-Test call to generate_fibonacci)
E              ^
E   SyntaxError: invalid syntax
=========================== short test summary info ============================
ERROR test_main.py
!!!!!!!!!!!!!!!!!!!! Interrupted: 1 error during collection !!!!!!!!!!!!!!!!!!!!
=============================== 1 error in 0.12s ===============================
```
**Attempting to fix pytest error...**
--- 
### ATTEMPT 3/3
### Querying Model: `stablelm2:1.6b`
#### Raw LLM Response:
```
The error message indicates that there is a syntax issue with the import statement in the `test_1.py` file. The correct syntax for importing functions from `main.py` into `test_1.py` is as follows:

```python
from main import generate_fibonacci
```

Here's the corrected Python code for both files:

**main.ipy**

```python
def generate_fibonacci(Count): 
    result = 0
    a = 0
    b = 1
    _ = Count(κ, "count") 
    sum_plus_result = result + sum([a, b]) 
    a, b = b, a + b 
    _ = Count(κ, "a") 
    sum_minus_one = result - 1 
    _ = Count(κ, "b") 
    sum_plus_two = sum_plus_result + b 
    a, b = b, a + b 
    _ = Count(κ, "temp") 
    return a
```

**test_1.py**

```python
import pytest

def test_generate_fibonacci():
    assert (
        (lambda-Test call to generate_fibonacci) == 23
    )

def test_generate_fibonacci_4args():
    assert (
        (lambda-Test call to generate_fibonacci) == 8
    )

def test_generate_fibonacci_5args():
    assert (
        (lambda-Test call to generate_fibonacci) == 13
    )

def test_generate_fibonacci_7args():
    assert (
        (lambda-Test call to generate_fibonacci) == 24
    )
```

After making these changes, regenerate the Python code files `main.py` and `test_1.py`.
```
### Parsing LLM Response
**ERROR:** Could not find both '# main.py' and '# test_main.py' in the response.
**Attempting to fix formatting error: LLM did not follow output rules.**
**Overall Result for `stablelm2:1.6b`: ❌ FAILURE**

Test for stablelm2:1.6b finished with failures.
