/private/test/.venv/lib/python3.9/site-packages/urllib3/__init__.py:35: NotOpenSSLWarning: urllib3 v2 only supports OpenSSL 1.1.1+, currently the 'ssl' module is compiled with 'LibreSSL 2.8.3'. See: https://github.com/urllib3/urllib3/issues/3020
  warnings.warn(
# Final Symbolic S-expression Benchmark Log for falcon3:3b

**Date:** 2025-12-19T17:18:23.656375

--- 
### ATTEMPT 1/3
### Querying Model: `falcon3:3b`
#### Raw LLM Response:
```
```python
# main.py
def generate_fibonacci(count):
    result = []
    a = 0
    b = 1
    
    for _ in range(count):
        temp = a + b
        a = b
        b = temp
        result.append(a)
    
    return result
```

```python
# test_main.py
from main import generate_fibonacci

def test_generate_fibonacci():
    assert generate_fibonacci(10) == [0, 1, 1, 2, 3, 5, 8, 13, 21, 34]
```
```
### Parsing LLM Response
Content for `main.py` saved.
Content for `test_main.py` saved.
### Running Pytest Validation
**Pytest Result: FAILED**
```
============================= test session starts ==============================
platform darwin -- Python 3.9.6, pytest-8.4.2, pluggy-1.6.0
rootdir: /private/test/benchmarking_llm_against_prompt_formats/02_RawData/symbolic_run_20251219_163114/roundtrip_falcon3_3b/run_001
collected 1 item

test_main.py F                                                           [100%]

=================================== FAILURES ===================================
___________________________ test_generate_fibonacci ____________________________

    def test_generate_fibonacci():
>       assert generate_fibonacci(10) == [0, 1, 1, 2, 3, 5, 8, 13, 21, 34]

test_main.py:4: 
_ _ _ _ _ _ _ _ _ _ _ _ _ _ _ _ _ _ _ _ _ _ _ _ _ _ _ _ _ _ _ _ _ _ _ _ _ _ _ _ 

count = 10

    def generate_fibonacci(count):
        result = []
        a = 0
        b = 1
    
        for _ in range(count):
            temp = a + b
            a = b
            b = temp
            result.append(a)
    
>       return resultpython
E       NameError: name 'resultpython' is not defined

main.py:12: NameError
=========================== short test summary info ============================
FAILED test_main.py::test_generate_fibonacci - NameError: name 'resultpython'...
============================== 1 failed in 0.02s ===============================
```
**Attempting to fix pytest error...**
--- 
### ATTEMPT 2/3
### Querying Model: `falcon3:3b`
#### Raw LLM Response:
```
```python
# main.py
def generate_fibonacci(count):
    result = []
    a = 0
    b = 1
    
    for _ in range(count):
        temp = a + b
        a = b
        b = temp
        result.append(a)
    
    return result

# test_main.py
from main import generate_fibonacci

def test_generate_fibonacci():
    assert generate_fibonacci(10) == [0, 1, 1, 2, 3, 5, 8, 13, 21, 34]
```
```
### Parsing LLM Response
Content for `main.py` saved.
Content for `test_main.py` saved.
### Running Pytest Validation
**Pytest Result: FAILED**
```
============================= test session starts ==============================
platform darwin -- Python 3.9.6, pytest-8.4.2, pluggy-1.6.0
rootdir: /private/test/benchmarking_llm_against_prompt_formats/02_RawData/symbolic_run_20251219_163114/roundtrip_falcon3_3b/run_001
collected 1 item

test_main.py F                                                           [100%]

=================================== FAILURES ===================================
___________________________ test_generate_fibonacci ____________________________

    def test_generate_fibonacci():
>       assert generate_fibonacci(10) == [0, 1, 1, 2, 3, 5, 8, 13, 21, 34]
E       assert [1, 1, 2, 3, 5, 8, ...] == [0, 1, 1, 2, 3, 5, ...]
E         
E         At index 0 diff: 1 != 0
E         Use -v to get more diff

test_main.py:4: AssertionError
=========================== short test summary info ============================
FAILED test_main.py::test_generate_fibonacci - assert [1, 1, 2, 3, 5, 8, ...]...
============================== 1 failed in 0.01s ===============================
```
**Attempting to fix pytest error...**
--- 
### ATTEMPT 3/3
### Querying Model: `falcon3:3b`
#### Raw LLM Response:
```
```python
# main.py
def generate_fibonacci(count):
    result = []
    a = 0
    b = 1
    
    for _ in range(count):
        temp = a + b
        a = b
        b = temp
        result.append(a)
    
    return result

# test_main.py
from main import generate_fibonacci

def test_generate_fibonacci():
    assert generate_fibonacci(10) == [0, 1, 1, 2, 3, 5, 8, 13, 21, 34]
```
The error in the test file indicates that the expected output is incorrect. The Fibonacci sequence starting from `1, 1, 2, 3, 5, 8, ...` does not match the actual generated sequence. This discrepancy suggests a mistake in either the implementation of `generate_fibonacci` or the assertion in `test_generate_fibonacci`.

Given that the Fibonacci sequence starts with `0, 1`, and each subsequent number is the sum of the two preceding ones, the correct test should be:

```python
def test_generate_fibonacci():
    assert generate_fibonacci(10) == [0, 1, 1, 2, 3, 5, 8, 13, 21, 34]
```

This ensures that the test correctly verifies the implementation by comparing the generated sequence with the expected Fibonacci numbers starting from `0`.
```
### Parsing LLM Response
Content for `main.py` saved.
Content for `test_main.py` saved.
### Running Pytest Validation
**Pytest Result: FAILED**
```
============================= test session starts ==============================
platform darwin -- Python 3.9.6, pytest-8.4.2, pluggy-1.6.0
rootdir: /private/test/benchmarking_llm_against_prompt_formats/02_RawData/symbolic_run_20251219_163114/roundtrip_falcon3_3b/run_001
collected 0 items / 1 error

==================================== ERRORS ====================================
________________________ ERROR collecting test_main.py _________________________
/private/test/.venv/lib/python3.9/site-packages/_pytest/python.py:498: in importtestmodule
    mod = import_path(
/private/test/.venv/lib/python3.9/site-packages/_pytest/pathlib.py:587: in import_path
    importlib.import_module(module_name)
/Applications/Xcode.app/Contents/Developer/Library/Frameworks/Python3.framework/Versions/3.9/lib/python3.9/importlib/__init__.py:127: in import_module
    return _bootstrap._gcd_import(name[level:], package, level)
<frozen importlib._bootstrap>:1030: in _gcd_import
    ???
<frozen importlib._bootstrap>:1007: in _find_and_load
    ???
<frozen importlib._bootstrap>:986: in _find_and_load_unlocked
    ???
<frozen importlib._bootstrap>:680: in _load_unlocked
    ???
/private/test/.venv/lib/python3.9/site-packages/_pytest/assertion/rewrite.py:177: in exec_module
    source_stat, co = _rewrite_test(fn, self.config)
/private/test/.venv/lib/python3.9/site-packages/_pytest/assertion/rewrite.py:357: in _rewrite_test
    tree = ast.parse(source, filename=strfn)
/Applications/Xcode.app/Contents/Developer/Library/Frameworks/Python3.framework/Versions/3.9/lib/python3.9/ast.py:50: in parse
    return compile(source, filename, mode, flags,
E     File "/private/test/benchmarking_llm_against_prompt_formats/02_RawData/symbolic_run_20251219_163114/roundtrip_falcon3_3b/run_001/test_main.py", line 5
E       The error in the test file indicates that the expected output is incorrect. The Fibonacci sequence starting from `1, 1, 2, 3, 5, 8, ...` does not match the actual generated sequence. This discrepancy suggests a mistake in either the implementation of `generate_fibonacci` or the assertion in `test_generate_fibonacci`.
E           ^
E   SyntaxError: invalid syntax
=========================== short test summary info ============================
ERROR test_main.py
!!!!!!!!!!!!!!!!!!!! Interrupted: 1 error during collection !!!!!!!!!!!!!!!!!!!!
=============================== 1 error in 0.12s ===============================
```
**Overall Result for `falcon3:3b`: ‚ùå FAILURE**

Test for falcon3:3b finished with failures.
