/private/test/.venv/lib/python3.9/site-packages/urllib3/__init__.py:35: NotOpenSSLWarning: urllib3 v2 only supports OpenSSL 1.1.1+, currently the 'ssl' module is compiled with 'LibreSSL 2.8.3'. See: https://github.com/urllib3/urllib3/issues/3020
  warnings.warn(
# Simple Task Log for stablelm2:1.6b

**Task:** simple_sort
**Date:** 2025-12-21T01:18:39.909603
**Lang:** ja
**Style:** imperative

### Querying Model: `stablelm2:1.6b`
#### Raw LLM Response (first 100 chars):
```
以下のPython関数で、`simple_sort()`メソッドを作成しました。

```python
def simple_sort(number_list):
    return sorted(...
```
### Parsing LLM Response for Python function
Content for final `generated_code.py` saved.
### Running Pytest Validation for simple_sort
**Pytest Result: FAILED**
```
============================= test session starts ==============================
platform darwin -- Python 3.9.6, pytest-8.4.2, pluggy-1.6.0
rootdir: /private/test/benchmarking_llm_against_prompt_formats/02_RawData/symbolic_run_20251219_163114/simple_task_simple_sort_ja_imperative_stablelm2_1.6b/run_016
collected 3 items

test_generated_code.py F.F                                               [100%]

=================================== FAILURES ===================================
____________________________ test_simple_sort_basic ____________________________

    def test_simple_sort_basic():
>       assert simple_sort([3, 1, 2]) == [1, 2, 3]
E       assert [3, 2, 1] == [1, 2, 3]
E         
E         At index 0 diff: 3 != 1
E         Use -v to get more diff

test_generated_code.py:3: AssertionError
__________________________ test_simple_sort_negative ___________________________

    def test_simple_sort_negative():
>       assert simple_sort([-1, -5, 0]) == [-5, -1, 0]
E       assert [0, -1, -5] == [-5, -1, 0]
E         
E         At index 0 diff: 0 != -5
E         Use -v to get more diff

test_generated_code.py:7: AssertionError
=========================== short test summary info ============================
FAILED test_generated_code.py::test_simple_sort_basic - assert [3, 2, 1] == [...
FAILED test_generated_code.py::test_simple_sort_negative - assert [0, -1, -5]...
========================= 2 failed, 1 passed in 0.02s ==========================
```
**Overall Result for `stablelm2:1.6b` on task `simple_sort`: ❌ FAILURE**
