/private/test/.venv/lib/python3.9/site-packages/urllib3/__init__.py:35: NotOpenSSLWarning: urllib3 v2 only supports OpenSSL 1.1.1+, currently the 'ssl' module is compiled with 'LibreSSL 2.8.3'. See: https://github.com/urllib3/urllib3/issues/3020
  warnings.warn(
# Final Symbolic S-expression Benchmark Log for stablelm2:1.6b

**Date:** 2025-12-20T18:56:00.220118

--- 
### ATTEMPT 1/3
### Querying Model: `stablelm2:1.6b`
#### Raw LLM Response:
```
Here are the transpiled Python code files for your S-expression script:

1. main.py
```python
def generate_fibonacci(count):
    result = 0
    a = 0
    b = 1
    _ = count(κ, "count")
    sum_result = result + sum(a * x for x in range(2, count))
    a, b = b, a + b
    return result, a, b

def main():
    result, a, b = generate_fibonacci("count")
    print(result)
    print(sum(a * x for x in range(1, 5)))

main()
```

2. test_main.py
```python
import pytest

def test_generate_fibonacci():
    assert (
        lambda _: main() == [0], "generate_fibonacci function should return the first Fibonacci number"
    )

@pytest.mark.parametrize("count", range(1, 6))
def test_1st_paramount(count):
    result, a, b = main(count)
    assert result == 0, f"Expected 0 for the {count}th Fibonacci number, but got {result}"

@pytest.mark.parametrize("count", range(2, 9))
def test_2nd_and_3rd_paramount(count):
    result, a, b = main(count)
    assert result == 6, f"The {count}th Fibonacci number should be 6, but got {result}"


def test_generate_fibonacci_no_count():
    with pytest.raises(AssertionError):
        _ = main()
```

These Python files are transpiled according..
```python
def generate_fibonacci(count):
    result = 0
    a = 0
    b = 1
    _ = count(κ, "count")
    sum_result = result + sum(a * x for x in range(2, count))
    a, b = b, a + b
    return result, a, b

def main():
    result, a, b = generate_fibonacci("count")
    print(result)
    print(sum(a * x for x in range(1, 5)))

main()
```

The `test_*.py` files are also transpiled according to the S-expression syntax. The test functions cover various cases of the Fibonacci sequence and ensure that the function behaves as expected.
```
### Parsing LLM Response
**ERROR:** Could not find both '# main.py' and '# test_main.py' in the response.
**Attempting to fix formatting error: LLM did not follow output rules.**
--- 
### ATTEMPT 2/3
### Querying Model: `stablelm2:1.6b`
#### Raw LLM Response:
```
Here are the transpiled Python code files for your S-expression script, following the critical output rules:

1. main.py

```python
def generate_ fibonacci( count ):
    result  = 0
    a  = 0
    b  = 1
    _  = count( κ, "count" )
    sum_result  = result + sum( a * x for x in range(2, count) )
    a, b  = b, a + b
    return result, a, b

def main():
    result, a, b = generate_ fibonacci("count")
    print(result)
    print(sum( a * x for x in range(1, 5) ))
main()
```

2..
```python
import pytest
def test_generate_fibonacci():
    assert (
        lambda _ : main() == [0]
        ) , "generate_fibonacci function should return the first Fibonacci number"
    
    @pytest.mark.parametrize("count", range(1, 6))
    def test_1st_paramount(count):
        result, a, b = main( count )
        assert result == 0 , f"Expected 0 for the {count}th Fibonacci number, but got {result}"

    @pytest.mark.parametrize("count", range(2, 9))
    def test_2nd_and_3rd_paramount(count):
        result, a, b = main( count )
        assert result == 6 , f"The {count}th Fibonacci number should be 6, but got {result}"

    @pytest.mark.parametrize("count", range(1, 9))
    def test_generate_fibonacci_no_count(count):
        with pytest.raises(AssertionError) as e:
            _ = main()
        assert str(e.value) == "generate_fibonacci function should return the first Fibonacci number"
```

These Python files are transpiled according to the S-expression syntax. The `main.py` file contains two functions: `generate_ fibonacci()` and `main()`. The `test_*.py` files are also transpiled according to the S-expression syntax, covering various cases of the Fibonacci sequence and ensuring that the function behaves as expected.

Please regenerate the response strictly adhering to the CRITICAL OUTPUT RULES for code blocks.
```
### Parsing LLM Response
**ERROR:** Could not find both '# main.py' and '# test_main.py' in the response.
**Attempting to fix formatting error: LLM did not follow output rules.**
--- 
### ATTEMPT 3/3
### Querying Model: `stablelm2:1.6b`
#### Raw LLM Response:
```
Here are the transpiled Python code files for your S-expression script, following the critical output rules:

1. main.py

```python
def generate_fibonacci(count):
    result = 0
    a = 0
    b = 1
    _ = count(kappa, "count")
    sum_result = result + sum(a * x for x in range(2, count))
    a, b = b, a + b
    return result, a, b

def main():
    result, a, b = generate_fibonacci("count")
    print(result)
    print(sum(a * x for x in range(1, 5)))
main()
```

2. test_main.py

```python
import pytest

def test_generate_fibonacci():
    assert (
        lambda _ : main() == [0]
         ) , "generate_fibonacci function should return the first Fibonacci number"
    
    @pytest.mark.parametrize("count", range(1, 6))
    def test_1st_paramount(count): 
        result, a, b = main(count)
        assert result == 0 , f"Expected 0 for the {count}th Fibonacci number, but got {result}"

    @pytest.mark.parametrize("count", range(2, 9))
    def test_2nd_and_3rd_paramount(count): 
        result, a, b = main(count)
        assert result == 6 , f"The {count}th Fibonacci number should be 6, but got {result}"

    @pytest.mark.parametrize("count", range(1, 9))
    def test_generate_fibonacci_
```
### Parsing LLM Response
**ERROR:** Could not find both '# main.py' and '# test_main.py' in the response.
**Attempting to fix formatting error: LLM did not follow output rules.**
**Overall Result for `stablelm2:1.6b`: ❌ FAILURE**

Test for stablelm2:1.6b finished with failures.
