/private/test/.venv/lib/python3.9/site-packages/urllib3/__init__.py:35: NotOpenSSLWarning: urllib3 v2 only supports OpenSSL 1.1.1+, currently the 'ssl' module is compiled with 'LibreSSL 2.8.3'. See: https://github.com/urllib3/urllib3/issues/3020
  warnings.warn(
# Simple Task Log for gemma3:270m

**Task:** reverse_sort
**Date:** 2025-12-21T13:29:28.093383
**Lang:** jbo
**Style:** imperative

### Querying Model: `gemma3:270m`
#### Raw LLM Response (first 100 chars):
```
Okay, I understand. You've provided the function `reverse_sort` and the necessary arguments.

Here's...
```
### Parsing LLM Response for Python function
Content for final `generated_code.py` saved.
### Running Pytest Validation for reverse_sort
**Pytest Result: FAILED**
```
============================= test session starts ==============================
platform darwin -- Python 3.9.6, pytest-8.4.2, pluggy-1.6.0
rootdir: /private/test/benchmarking_llm_against_prompt_formats/02_RawData/symbolic_run_20251219_163114/simple_task_reverse_sort_jbo_imperative_gemma3_270m/run_022
collected 2 items

test_generated_code.py F.                                                [100%]

=================================== FAILURES ===================================
___________________________ test_reverse_sort_basic ____________________________

    def test_reverse_sort_basic():
>       assert reverse_sort([3, 1, 2]) == [3, 2, 1]
E       assert [1, 2, 3] == [3, 2, 1]
E         
E         At index 0 diff: 1 != 3
E         Use -v to get more diff

test_generated_code.py:3: AssertionError
=========================== short test summary info ============================
FAILED test_generated_code.py::test_reverse_sort_basic - assert [1, 2, 3] == ...
========================= 1 failed, 1 passed in 0.02s ==========================
```
**Overall Result for `gemma3:270m` on task `reverse_sort`: ‚ùå FAILURE**
