/private/test/.venv/lib/python3.9/site-packages/urllib3/__init__.py:35: NotOpenSSLWarning: urllib3 v2 only supports OpenSSL 1.1.1+, currently the 'ssl' module is compiled with 'LibreSSL 2.8.3'. See: https://github.com/urllib3/urllib3/issues/3020
  warnings.warn(
# Einstein Riddle Logic Test Log for llama3:8b

**Date:** 2025-12-20T16:09:24.956352
**Test Type:** cot_baseline

**Language:** en

### Querying Model: `llama3:8b` (temperature=0.0)
#### Raw LLM Response (first 100 chars):
```
Here is my solution to Einstein's Puzzle:

```python
def solve_puzzle():
    # Step 1: Identify the ...
```
### Parsing LLM Response for Python code block
**INFO:** Successfully extracted Python code block containing 'solve_puzzle()'.
Content for final `einstein_solution.py` saved.
### Running Pytest Validation
**Pytest Result: FAILED**
```
============================= test session starts ==============================
platform darwin -- Python 3.9.6, pytest-8.4.2, pluggy-1.6.0
rootdir: /private/test/benchmarking_llm_against_prompt_formats/02_RawData/symbolic_run_20251219_163114/einstein_cot_baseline_en_llama3_8b/run_011
collected 1 item

test_einstein_riddle.py F                                                [100%]

=================================== FAILURES ===================================
________________________ test_einstein_riddle_solution _________________________

    def test_einstein_riddle_solution():
        """
        Tests the output of the LLM-generated solve_puzzle function.
        It imports the function directly and captures its standard output.
        """
        solution_file = "einstein_solution.py"
        expected_answer = "German"
    
        try:
            # Dynamically import the generated function
            from einstein_solution import solve_puzzle
        except ImportError:
            pytest.fail(f"Could not import 'solve_puzzle' from '{solution_file}'. The file might be missing or contain syntax errors.")
    
        captured_output = ""
        try:
            # Capture standard output from the function call
            with io.StringIO() as buf, contextlib.redirect_stdout(buf):
>               solve_puzzle()

test_einstein_riddle.py:29: 
_ _ _ _ _ _ _ _ _ _ _ _ _ _ _ _ _ _ _ _ _ _ _ _ _ _ _ _ _ _ _ _ _ _ _ _ _ _ _ _ 

    def solve_puzzle():
        # Step 1: Identify the position of each house (from 1st to 5th)
        houses = ['Norwegian', 'Swede', 'Danish', 'German', 'British']
    
        # Step 2: Write down the information that can be directly identified from each constraint
        constraints = [
            {'nationality': 'Norwegian', 'house': 1},
            {'pet': 'dogs', 'house': None},  # Swede keeps dogs as pets, but we don't know which house yet
            {'beverage': 'tea', 'house': None},  # Dane drinks tea, but we don't know which house yet
            {'color': 'green', 'left_of': 'white'},  # Green house is on the left of the white house
            {'beverage': 'coffee', 'house': None},  # Person who lives in the green house drinks coffee
            {'cigarette': 'Pall Mall', 'pet': 'birds'},  # Person who smokes Pall Mall rears birds
            {'cigarette': 'Dunhill', 'color': 'yellow'},  # Owner of the yellow house smokes Dunhill
            {'beverage': 'milk', 'house': None},  # Person living in the center house drinks milk
            {'nationality': 'German', 'cigarette': 'Prince'},  # German smokes Prince
        ]
    
        # Step 3: Infer information that can be derived indirectly by combining the constraints
        for constraint in constraints:
            if constraint['house'] is None:
                for i, house in enumerate(houses):
>                   if (constraint['nationality'] == house and
                            not any(c['nationality'] == house for c in constraints)):
E                           KeyError: 'nationality'

einstein_solution.py:22: KeyError

During handling of the above exception, another exception occurred:

    def test_einstein_riddle_solution():
        """
        Tests the output of the LLM-generated solve_puzzle function.
        It imports the function directly and captures its standard output.
        """
        solution_file = "einstein_solution.py"
        expected_answer = "German"
    
        try:
            # Dynamically import the generated function
            from einstein_solution import solve_puzzle
        except ImportError:
            pytest.fail(f"Could not import 'solve_puzzle' from '{solution_file}'. The file might be missing or contain syntax errors.")
    
        captured_output = ""
        try:
            # Capture standard output from the function call
            with io.StringIO() as buf, contextlib.redirect_stdout(buf):
                solve_puzzle()
                captured_output = buf.getvalue().strip()
    
            print(f"Captured output from solve_puzzle(): '{captured_output}'")
            print(f"Expected answer: '{expected_answer}'")
    
            # Check if the expected answer is present in the captured output
            assert expected_answer in captured_output, \
                f"The puzzle solution is incorrect. Expected to find '{expected_answer}', but got '{captured_output}'."
    
        except Exception as e:
>           pytest.fail(f"The 'solve_puzzle' function produced an unexpected error during execution: {e}\nCaptured output was: '{captured_output}'")
E           Failed: The 'solve_puzzle' function produced an unexpected error during execution: 'nationality'
E           Captured output was: ''

test_einstein_riddle.py:40: Failed
=========================== short test summary info ============================
FAILED test_einstein_riddle.py::test_einstein_riddle_solution - Failed: The '...
============================== 1 failed in 0.02s ===============================
```
**Overall Result for `llama3:8b`: ‚ùå FAILURE**
